{"level":"info","message":"POST /hua 200 13ms","meta":{},"timestamp":"2022-08-24 16:10:33"}
{"level":"info","message":"POST /hua 200 30ms","meta":{},"timestamp":"2022-08-24 16:12:57"}
{"level":"info","message":"POST /hua 200 13ms","meta":{},"timestamp":"2022-08-24 16:13:48"}
{"level":"info","message":"PUT /hua 200 3ms","meta":{},"timestamp":"2022-08-24 16:14:19"}
{"level":"info","message":"PUT /hua 200 13ms","meta":{},"timestamp":"2022-08-24 16:15:28"}
{"level":"info","message":"PUT /hua 200 14ms","meta":{},"timestamp":"2022-08-24 16:16:17"}
{"level":"info","message":"PUT /hua 200 20ms","meta":{},"timestamp":"2022-08-24 16:16:35"}
{"level":"info","message":"PUT /hua 200 24ms","meta":{},"timestamp":"2022-08-24 16:17:11"}
{"level":"info","message":"PUT /hua 200 33ms","meta":{},"timestamp":"2022-08-24 16:19:01"}
{"level":"info","message":"PUT /hua 200 20ms","meta":{},"timestamp":"2022-08-24 16:19:07"}
{"level":"info","message":"PUT /hua 200 17ms","meta":{},"timestamp":"2022-08-24 16:19:12"}
{"level":"info","message":"PUT /hua 200 32ms","meta":{},"timestamp":"2022-08-24 16:20:35"}
{"level":"info","message":"GET /share/qaz223 404 2ms","meta":{},"timestamp":"2022-08-24 16:26:03"}
{"level":"info","message":"GET /share/qaz223 404 2ms","meta":{},"timestamp":"2022-08-24 16:28:36"}
{"level":"info","message":"GET /share/qaz223 404 0ms","meta":{},"timestamp":"2022-08-24 16:28:37"}
{"level":"info","message":"GET /share/qaz223 200 9ms","meta":{},"timestamp":"2022-08-24 16:31:21"}
{"level":"info","message":"GET /favicon.ico 200 1ms","meta":{},"timestamp":"2022-08-24 16:31:21"}
{"level":"info","message":"GET /share/qaz223 200 7ms","meta":{},"timestamp":"2022-08-24 16:31:46"}
{"level":"info","message":"GET /favicon.ico 200 2ms","meta":{},"timestamp":"2022-08-24 16:31:46"}
{"level":"info","message":"GET /1234 200 2ms","meta":{},"timestamp":"2022-08-24 16:34:51"}
{"level":"info","message":"GET /1234 200 2ms","meta":{},"timestamp":"2022-08-24 16:34:57"}
{"level":"info","message":"GET /1234 200 2ms","meta":{},"timestamp":"2022-08-24 16:34:57"}
{"level":"info","message":"PUT /1234 200 13ms","meta":{},"timestamp":"2022-08-24 16:35:11"}
{"level":"info","message":"GET /1234 200 3ms","meta":{},"timestamp":"2022-08-24 16:35:26"}
{"level":"info","message":"GET /1234 200 2ms","meta":{},"timestamp":"2022-08-24 16:35:26"}
{"level":"info","message":"GET /1234 200 3ms","meta":{},"timestamp":"2022-08-24 16:35:32"}
{"level":"info","message":"GET /1234 200 3ms","meta":{},"timestamp":"2022-08-24 16:35:33"}
{"level":"info","message":"PUT /1234 200 4ms","meta":{},"timestamp":"2022-08-24 16:35:45"}
{"level":"info","message":"GET /1234 200 2ms","meta":{},"timestamp":"2022-08-24 16:38:15"}
{"level":"info","message":"GET /1234 200 2ms","meta":{},"timestamp":"2022-08-24 16:38:15"}
{"level":"info","message":"PUT /1234 200 2ms","meta":{},"timestamp":"2022-08-24 16:38:21"}
{"level":"info","message":"GET /1234 200 2ms","meta":{},"timestamp":"2022-08-24 16:39:04"}
{"level":"info","message":"GET /1234 200 1ms","meta":{},"timestamp":"2022-08-24 16:39:06"}
{"level":"info","message":"GET /1234 200 2ms","meta":{},"timestamp":"2022-08-24 16:39:06"}
{"level":"info","message":"GET /1234 200 2ms","meta":{},"timestamp":"2022-08-24 16:40:14"}
{"level":"info","message":"GET /1234 200 2ms","meta":{},"timestamp":"2022-08-24 16:41:03"}
{"level":"info","message":"GET /1234 200 1ms","meta":{},"timestamp":"2022-08-24 16:42:17"}
{"level":"info","message":"GET /1234 200 2ms","meta":{},"timestamp":"2022-08-24 16:51:31"}
{"level":"info","message":"GET /1234 200 2ms","meta":{},"timestamp":"2022-08-24 16:51:31"}
{"level":"info","message":"GET /1234 200 2ms","meta":{},"timestamp":"2022-08-24 16:52:11"}
{"level":"info","message":"GET /1234 200 2ms","meta":{},"timestamp":"2022-08-24 16:52:11"}
{"level":"info","message":"GET /1234 200 2ms","meta":{},"timestamp":"2022-08-24 16:52:46"}
{"level":"info","message":"GET /1234 200 1ms","meta":{},"timestamp":"2022-08-24 16:52:46"}
{"level":"info","message":"GET /1234 200 1ms","meta":{},"timestamp":"2022-08-24 16:53:29"}
{"level":"info","message":"GET /1234 200 2ms","meta":{},"timestamp":"2022-08-24 16:53:31"}
{"level":"info","message":"GET /1234 200 2ms","meta":{},"timestamp":"2022-08-24 16:53:31"}
{"level":"info","message":"GET /1234 200 2ms","meta":{},"timestamp":"2022-08-24 16:57:30"}
{"level":"info","message":"GET /1234 200 1ms","meta":{},"timestamp":"2022-08-24 16:58:27"}
{"level":"info","message":"GET /1234 200 2ms","meta":{},"timestamp":"2022-08-24 17:00:01"}
{"level":"info","message":"GET /1234 200 2ms","meta":{},"timestamp":"2022-08-24 17:01:04"}
{"level":"info","message":"GET /1234 200 1ms","meta":{},"timestamp":"2022-08-24 17:01:07"}
{"level":"info","message":"GET /1234 200 2ms","meta":{},"timestamp":"2022-08-24 17:01:09"}
{"level":"info","message":"GET /1234 200 2ms","meta":{},"timestamp":"2022-08-24 17:01:09"}
{"level":"info","message":"POST /undefined 200 25ms","meta":{},"timestamp":"2022-08-24 17:01:14"}
{"level":"info","message":"GET /1234 200 3ms","meta":{},"timestamp":"2022-08-24 17:01:36"}
{"level":"info","message":"GET /1234 200 2ms","meta":{},"timestamp":"2022-08-24 17:01:36"}
{"level":"info","message":"POST /undefined 200 8ms","meta":{},"timestamp":"2022-08-24 17:01:47"}
{"level":"info","message":"GET /1234 200 2ms","meta":{},"timestamp":"2022-08-24 17:04:23"}
{"level":"info","message":"GET /1234 200 1ms","meta":{},"timestamp":"2022-08-24 17:04:23"}
{"level":"info","message":"GET /1234 200 1ms","meta":{},"timestamp":"2022-08-24 17:04:34"}
{"level":"info","message":"GET /1234 200 1ms","meta":{},"timestamp":"2022-08-24 17:04:37"}
{"level":"info","message":"GET /1234 200 1ms","meta":{},"timestamp":"2022-08-24 17:04:37"}
{"level":"info","message":"POST /undefined 200 7ms","meta":{},"timestamp":"2022-08-24 17:04:49"}
{"level":"info","message":"GET /1234 200 1ms","meta":{},"timestamp":"2022-08-24 17:05:29"}
{"level":"info","message":"GET /1234 200 2ms","meta":{},"timestamp":"2022-08-24 17:05:30"}
{"level":"info","message":"GET /1234 200 1ms","meta":{},"timestamp":"2022-08-24 17:05:30"}
{"level":"info","message":"POST /undefined 200 6ms","meta":{},"timestamp":"2022-08-24 17:05:38"}
{"level":"info","message":"GET /1234 200 1ms","meta":{},"timestamp":"2022-08-24 17:06:33"}
{"level":"info","message":"GET /1234 200 2ms","meta":{},"timestamp":"2022-08-24 17:06:36"}
{"level":"info","message":"GET /1234 200 2ms","meta":{},"timestamp":"2022-08-24 17:06:36"}
{"level":"info","message":"POST /1234 200 13ms","meta":{},"timestamp":"2022-08-24 17:06:40"}
{"level":"info","message":"GET /1234 200 3ms","meta":{},"timestamp":"2022-08-24 17:07:15"}
{"level":"info","message":"GET /1234 200 2ms","meta":{},"timestamp":"2022-08-24 17:07:15"}
{"level":"info","message":"GET /1234 200 1ms","meta":{},"timestamp":"2022-08-24 17:08:34"}
{"level":"info","message":"GET /1234 200 2ms","meta":{},"timestamp":"2022-08-24 17:08:35"}
{"level":"info","message":"GET /1234 200 1ms","meta":{},"timestamp":"2022-08-24 17:08:35"}
{"level":"info","message":"PUT /1234 200 2ms","meta":{},"timestamp":"2022-08-24 17:08:57"}
{"level":"info","message":"GET /1234 200 2ms","meta":{},"timestamp":"2022-08-24 17:09:41"}
{"level":"info","message":"GET /1234 200 2ms","meta":{},"timestamp":"2022-08-24 17:10:04"}
{"level":"info","message":"GET /1234 200 2ms","meta":{},"timestamp":"2022-08-24 17:10:16"}
{"level":"info","message":"GET /1234 200 3ms","meta":{},"timestamp":"2022-08-24 17:10:16"}
{"level":"info","message":"GET /1234 200 6ms","meta":{},"timestamp":"2022-08-24 17:20:35"}
{"level":"info","message":"GET /1234 200 3ms","meta":{},"timestamp":"2022-08-24 17:20:35"}
{"level":"info","message":"PUT /1234 200 43ms","meta":{},"timestamp":"2022-08-24 17:20:42"}
{"level":"info","message":"GET /1234 200 3ms","meta":{},"timestamp":"2022-08-24 17:20:54"}
{"level":"info","message":"GET /1234 200 4ms","meta":{},"timestamp":"2022-08-24 17:20:54"}
{"level":"info","message":"PUT /1234 200 17ms","meta":{},"timestamp":"2022-08-24 17:21:00"}
{"level":"info","message":"GET /1234 200 2ms","meta":{},"timestamp":"2022-08-24 17:23:57"}
{"level":"info","message":"GET /1234 200 2ms","meta":{},"timestamp":"2022-08-24 17:24:50"}
{"level":"info","message":"GET /1234 200 2ms","meta":{},"timestamp":"2022-08-24 17:26:25"}
{"level":"info","message":"GET /1234 200 1ms","meta":{},"timestamp":"2022-08-24 17:26:29"}
{"level":"info","message":"GET /1234 200 2ms","meta":{},"timestamp":"2022-08-24 17:26:29"}
{"level":"info","message":"PUT /1234 200 18ms","meta":{},"timestamp":"2022-08-24 17:26:33"}
{"level":"info","message":"GET /1234 200 3ms","meta":{},"timestamp":"2022-08-24 17:26:51"}
{"level":"info","message":"GET /1234 200 5ms","meta":{},"timestamp":"2022-08-24 17:26:51"}
{"level":"info","message":"PUT /1234 200 9ms","meta":{},"timestamp":"2022-08-24 17:26:59"}
{"level":"info","message":"GET /1234 200 1ms","meta":{},"timestamp":"2022-08-24 17:27:01"}
{"level":"info","message":"GET /1234 200 2ms","meta":{},"timestamp":"2022-08-24 17:27:01"}
{"level":"info","message":"HEAD /1234 200 4ms","meta":{},"timestamp":"2022-08-24 17:27:04"}
{"level":"info","message":"POST /page/password 200 118ms","meta":{},"timestamp":"2022-08-24 17:27:08"}
{"level":"info","message":"GET /1234 200 63ms","meta":{},"timestamp":"2022-08-24 17:28:13"}
{"level":"info","message":"GET /1234 200 60ms","meta":{},"timestamp":"2022-08-24 17:28:13"}
{"level":"info","message":"GET /1234 200 92ms","meta":{},"timestamp":"2022-08-24 17:28:21"}
{"level":"info","message":"GET /1234 200 147ms","meta":{},"timestamp":"2022-08-24 17:28:29"}
{"level":"info","message":"GET /1234 200 88ms","meta":{},"timestamp":"2022-08-24 17:28:29"}
{"level":"info","message":"GET /1234 200 85ms","meta":{},"timestamp":"2022-08-24 17:28:32"}
{"level":"info","message":"GET /1234 200 88ms","meta":{},"timestamp":"2022-08-24 17:28:50"}
{"level":"info","message":"GET /1234 200 89ms","meta":{},"timestamp":"2022-08-24 17:28:50"}
{"level":"info","message":"GET /1234 200 86ms","meta":{},"timestamp":"2022-08-24 17:28:53"}
{"level":"info","message":"GET /12345 200 1ms","meta":{},"timestamp":"2022-08-24 17:29:16"}
{"level":"info","message":"GET /12345 200 1ms","meta":{},"timestamp":"2022-08-24 17:29:16"}
{"level":"info","message":"POST /12345 200 10ms","meta":{},"timestamp":"2022-08-24 17:29:20"}
{"level":"info","message":"HEAD /12345 200 1ms","meta":{},"timestamp":"2022-08-24 17:29:20"}
{"level":"info","message":"POST /page/password 200 61ms","meta":{},"timestamp":"2022-08-24 17:29:23"}
{"level":"info","message":"GET /12345 200 61ms","meta":{},"timestamp":"2022-08-24 17:29:26"}
{"level":"info","message":"GET /12345 200 68ms","meta":{},"timestamp":"2022-08-24 17:29:27"}
{"level":"info","message":"GET /12345 200 61ms","meta":{},"timestamp":"2022-08-24 17:29:29"}
{"level":"info","message":"GET /12345 200 65ms","meta":{},"timestamp":"2022-08-24 17:29:29"}
{"level":"info","message":"GET /12345 200 65ms","meta":{},"timestamp":"2022-08-24 17:29:40"}
{"level":"info","message":"GET /12345 200 63ms","meta":{},"timestamp":"2022-08-24 17:29:40"}
{"level":"info","message":"GET /12345 200 60ms","meta":{},"timestamp":"2022-08-24 17:30:43"}
{"level":"info","message":"GET /12345 200 61ms","meta":{},"timestamp":"2022-08-24 17:30:46"}
{"level":"info","message":"GET /12345 200 61ms","meta":{},"timestamp":"2022-08-24 17:30:46"}
{"level":"info","message":"GET /12345 200 87ms","meta":{},"timestamp":"2022-08-24 17:30:50"}
{"level":"info","message":"GET /12345 200 86ms","meta":{},"timestamp":"2022-08-24 17:30:50"}
{"level":"info","message":"GET /12345 200 59ms","meta":{},"timestamp":"2022-08-24 17:31:43"}
{"level":"info","message":"GET /12345 200 67ms","meta":{},"timestamp":"2022-08-24 17:31:49"}
{"level":"info","message":"GET /12345 200 61ms","meta":{},"timestamp":"2022-08-24 17:31:49"}
{"level":"info","message":"GET /12345 200 57ms","meta":{},"timestamp":"2022-08-24 17:32:01"}
{"level":"info","message":"GET /12345 200 60ms","meta":{},"timestamp":"2022-08-24 17:32:28"}
{"level":"info","message":"GET /12345 200 58ms","meta":{},"timestamp":"2022-08-24 17:32:42"}
{"level":"info","message":"GET /12345 200 81ms","meta":{},"timestamp":"2022-08-24 17:34:46"}
{"level":"info","message":"GET /12345 200 63ms","meta":{},"timestamp":"2022-08-24 17:34:46"}
{"level":"info","message":"GET /12345 200 61ms","meta":{},"timestamp":"2022-08-24 17:35:09"}
{"level":"info","message":"GET /12345 200 60ms","meta":{},"timestamp":"2022-08-24 17:35:09"}
{"level":"info","message":"GET /12345 200 63ms","meta":{},"timestamp":"2022-08-24 17:35:26"}
{"level":"info","message":"GET /12345 200 61ms","meta":{},"timestamp":"2022-08-24 17:35:26"}
{"level":"info","message":"GET /12345 200 66ms","meta":{},"timestamp":"2022-08-24 17:35:32"}
{"level":"info","message":"GET /12345 200 63ms","meta":{},"timestamp":"2022-08-24 17:35:32"}
{"level":"info","message":"GET /12345 200 67ms","meta":{},"timestamp":"2022-08-24 17:36:53"}
{"level":"info","message":"GET /12345 200 60ms","meta":{},"timestamp":"2022-08-24 17:36:53"}
{"level":"info","message":"GET /12345 200 63ms","meta":{},"timestamp":"2022-08-24 17:36:53"}
{"level":"info","message":"GET /12345 200 60ms","meta":{},"timestamp":"2022-08-24 17:36:53"}
{"level":"info","message":"GET /12345 200 60ms","meta":{},"timestamp":"2022-08-24 17:36:54"}
{"level":"info","message":"GET /12345 200 60ms","meta":{},"timestamp":"2022-08-24 17:36:54"}
{"level":"info","message":"GET /12345 200 71ms","meta":{},"timestamp":"2022-08-24 17:36:54"}
{"level":"info","message":"GET /12345 200 59ms","meta":{},"timestamp":"2022-08-24 17:36:54"}
{"level":"info","message":"GET /12345 200 61ms","meta":{},"timestamp":"2022-08-24 17:36:54"}
{"level":"info","message":"GET /12345 200 60ms","meta":{},"timestamp":"2022-08-24 17:36:54"}
{"level":"info","message":"GET /12345 200 61ms","meta":{},"timestamp":"2022-08-24 17:36:54"}
{"level":"info","message":"GET /12345 200 61ms","meta":{},"timestamp":"2022-08-24 17:36:54"}
{"level":"info","message":"GET /12345 200 60ms","meta":{},"timestamp":"2022-08-24 17:36:54"}
{"level":"info","message":"GET /12345 200 59ms","meta":{},"timestamp":"2022-08-24 17:36:54"}
{"level":"info","message":"GET /12345 200 63ms","meta":{},"timestamp":"2022-08-24 17:36:54"}
{"level":"info","message":"GET /12345 200 60ms","meta":{},"timestamp":"2022-08-24 17:36:54"}
{"level":"info","message":"GET /12345 200 60ms","meta":{},"timestamp":"2022-08-24 17:36:55"}
{"level":"info","message":"GET /12345 200 59ms","meta":{},"timestamp":"2022-08-24 17:36:55"}
{"level":"info","message":"GET /12345 200 61ms","meta":{},"timestamp":"2022-08-24 17:36:55"}
{"level":"info","message":"GET /12345 200 60ms","meta":{},"timestamp":"2022-08-24 17:36:55"}
{"level":"info","message":"GET /12345 200 61ms","meta":{},"timestamp":"2022-08-24 17:36:55"}
{"level":"info","message":"GET /12345 200 62ms","meta":{},"timestamp":"2022-08-24 17:36:55"}
{"level":"info","message":"GET /12345 200 59ms","meta":{},"timestamp":"2022-08-24 17:36:55"}
{"level":"info","message":"GET /12345 200 63ms","meta":{},"timestamp":"2022-08-24 17:36:55"}
{"level":"info","message":"GET /12345 200 61ms","meta":{},"timestamp":"2022-08-24 17:36:55"}
{"level":"info","message":"GET /12345 200 65ms","meta":{},"timestamp":"2022-08-24 17:36:55"}
{"level":"info","message":"GET /12345 200 61ms","meta":{},"timestamp":"2022-08-24 17:36:55"}
{"level":"info","message":"GET /12345 200 61ms","meta":{},"timestamp":"2022-08-24 17:36:55"}
{"level":"info","message":"GET /12345 200 62ms","meta":{},"timestamp":"2022-08-24 17:36:55"}
{"level":"info","message":"GET /12345 200 61ms","meta":{},"timestamp":"2022-08-24 17:36:56"}
{"level":"info","message":"GET /12345 200 60ms","meta":{},"timestamp":"2022-08-24 17:36:56"}
{"level":"info","message":"GET /12345 200 59ms","meta":{},"timestamp":"2022-08-24 17:36:56"}
{"level":"info","message":"GET /12345 200 64ms","meta":{},"timestamp":"2022-08-24 17:36:56"}
{"level":"info","message":"GET /12345 200 59ms","meta":{},"timestamp":"2022-08-24 17:36:56"}
{"level":"info","message":"GET /12345 200 58ms","meta":{},"timestamp":"2022-08-24 17:36:56"}
{"level":"info","message":"GET /12345 200 58ms","meta":{},"timestamp":"2022-08-24 17:36:56"}
{"level":"info","message":"GET /12345 200 60ms","meta":{},"timestamp":"2022-08-24 17:36:56"}
{"level":"info","message":"GET /12345 200 63ms","meta":{},"timestamp":"2022-08-24 17:36:56"}
{"level":"info","message":"GET /12345 200 59ms","meta":{},"timestamp":"2022-08-24 17:36:56"}
{"level":"info","message":"GET /12345 200 62ms","meta":{},"timestamp":"2022-08-24 17:36:56"}
{"level":"info","message":"GET /12345 200 63ms","meta":{},"timestamp":"2022-08-24 17:36:56"}
{"level":"info","message":"GET /12345 200 61ms","meta":{},"timestamp":"2022-08-24 17:36:56"}
{"level":"info","message":"GET /12345 200 60ms","meta":{},"timestamp":"2022-08-24 17:36:57"}
{"level":"info","message":"GET /12345 200 60ms","meta":{},"timestamp":"2022-08-24 17:36:57"}
{"level":"info","message":"GET /12345 200 59ms","meta":{},"timestamp":"2022-08-24 17:36:57"}
{"level":"info","message":"GET /12345 200 60ms","meta":{},"timestamp":"2022-08-24 17:36:57"}
{"level":"info","message":"GET /12345 200 58ms","meta":{},"timestamp":"2022-08-24 17:36:57"}
{"level":"info","message":"GET /12345 200 60ms","meta":{},"timestamp":"2022-08-24 17:36:57"}
{"level":"info","message":"GET /12345 200 61ms","meta":{},"timestamp":"2022-08-24 17:36:57"}
{"level":"info","message":"GET /12345 200 60ms","meta":{},"timestamp":"2022-08-24 17:36:57"}
{"level":"info","message":"GET /12345 200 60ms","meta":{},"timestamp":"2022-08-24 17:36:57"}
{"level":"info","message":"GET /12345 200 63ms","meta":{},"timestamp":"2022-08-24 17:36:57"}
{"level":"info","message":"GET /12345 200 58ms","meta":{},"timestamp":"2022-08-24 17:36:57"}
{"level":"info","message":"GET /12345 200 58ms","meta":{},"timestamp":"2022-08-24 17:36:57"}
{"level":"info","message":"GET /12345 200 57ms","meta":{},"timestamp":"2022-08-24 17:36:57"}
{"level":"info","message":"GET /12345 200 59ms","meta":{},"timestamp":"2022-08-24 17:36:58"}
{"level":"info","message":"GET /12345 200 58ms","meta":{},"timestamp":"2022-08-24 17:36:58"}
{"level":"info","message":"GET /12345 200 57ms","meta":{},"timestamp":"2022-08-24 17:36:58"}
{"level":"info","message":"GET /12345 200 57ms","meta":{},"timestamp":"2022-08-24 17:36:58"}
{"level":"info","message":"GET /12345 200 59ms","meta":{},"timestamp":"2022-08-24 17:36:58"}
{"level":"info","message":"GET /12345 200 62ms","meta":{},"timestamp":"2022-08-24 17:36:58"}
{"level":"info","message":"GET /12345 200 59ms","meta":{},"timestamp":"2022-08-24 17:36:58"}
{"level":"info","message":"GET /12345 200 60ms","meta":{},"timestamp":"2022-08-24 17:36:58"}
{"level":"info","message":"GET /12345 200 58ms","meta":{},"timestamp":"2022-08-24 17:36:58"}
{"level":"info","message":"GET /12345 200 61ms","meta":{},"timestamp":"2022-08-24 17:36:58"}
{"level":"info","message":"GET /12345 200 84ms","meta":{},"timestamp":"2022-08-24 17:36:58"}
{"level":"info","message":"GET /12345 200 80ms","meta":{},"timestamp":"2022-08-24 17:36:58"}
{"level":"info","message":"GET /12345 200 80ms","meta":{},"timestamp":"2022-08-24 17:36:58"}
{"level":"info","message":"GET /12345 200 62ms","meta":{},"timestamp":"2022-08-24 17:36:59"}
{"level":"info","message":"GET /12345 200 71ms","meta":{},"timestamp":"2022-08-24 17:36:59"}
{"level":"info","message":"GET /12345 200 73ms","meta":{},"timestamp":"2022-08-24 17:36:59"}
{"level":"info","message":"GET /12345 200 92ms","meta":{},"timestamp":"2022-08-24 17:36:59"}
{"level":"info","message":"GET /12345 200 81ms","meta":{},"timestamp":"2022-08-24 17:36:59"}
{"level":"info","message":"GET /12345 200 92ms","meta":{},"timestamp":"2022-08-24 17:36:59"}
{"level":"info","message":"GET /12345 200 81ms","meta":{},"timestamp":"2022-08-24 17:36:59"}
{"level":"info","message":"GET /12345 200 83ms","meta":{},"timestamp":"2022-08-24 17:36:59"}
{"level":"info","message":"GET /12345 200 85ms","meta":{},"timestamp":"2022-08-24 17:36:59"}
{"level":"info","message":"GET /12345 200 83ms","meta":{},"timestamp":"2022-08-24 17:36:59"}
{"level":"info","message":"GET /12345 200 81ms","meta":{},"timestamp":"2022-08-24 17:37:00"}
{"level":"info","message":"GET /12345 200 81ms","meta":{},"timestamp":"2022-08-24 17:37:00"}
{"level":"info","message":"GET /12345 200 77ms","meta":{},"timestamp":"2022-08-24 17:37:00"}
{"level":"info","message":"GET /12345 200 83ms","meta":{},"timestamp":"2022-08-24 17:37:00"}
{"level":"info","message":"GET /12345 200 81ms","meta":{},"timestamp":"2022-08-24 17:37:00"}
{"level":"info","message":"GET /12345 200 77ms","meta":{},"timestamp":"2022-08-24 17:37:00"}
{"level":"info","message":"GET /12345 200 80ms","meta":{},"timestamp":"2022-08-24 17:37:00"}
{"level":"info","message":"GET /12345 200 82ms","meta":{},"timestamp":"2022-08-24 17:37:00"}
{"level":"info","message":"GET /12345 200 80ms","meta":{},"timestamp":"2022-08-24 17:37:00"}
{"level":"info","message":"GET /12345 200 77ms","meta":{},"timestamp":"2022-08-24 17:37:00"}
{"level":"info","message":"GET /12345 200 81ms","meta":{},"timestamp":"2022-08-24 17:37:01"}
{"level":"info","message":"GET /12345 200 82ms","meta":{},"timestamp":"2022-08-24 17:37:01"}
{"level":"info","message":"GET /12345 200 77ms","meta":{},"timestamp":"2022-08-24 17:37:01"}
{"level":"info","message":"GET /12345 200 85ms","meta":{},"timestamp":"2022-08-24 17:37:01"}
{"level":"info","message":"GET /12345 200 84ms","meta":{},"timestamp":"2022-08-24 17:37:01"}
{"level":"info","message":"GET /12345 200 78ms","meta":{},"timestamp":"2022-08-24 17:37:01"}
{"level":"info","message":"GET /12345 200 82ms","meta":{},"timestamp":"2022-08-24 17:37:01"}
{"level":"info","message":"GET /12345 200 84ms","meta":{},"timestamp":"2022-08-24 17:37:01"}
{"level":"info","message":"GET /12345 200 80ms","meta":{},"timestamp":"2022-08-24 17:37:01"}
{"level":"info","message":"GET /12345 200 81ms","meta":{},"timestamp":"2022-08-24 17:37:01"}
{"level":"info","message":"GET /12345 200 83ms","meta":{},"timestamp":"2022-08-24 17:37:01"}
{"level":"info","message":"GET /12345 200 81ms","meta":{},"timestamp":"2022-08-24 17:37:02"}
{"level":"info","message":"GET /12345 200 82ms","meta":{},"timestamp":"2022-08-24 17:37:02"}
{"level":"info","message":"GET /12345 200 75ms","meta":{},"timestamp":"2022-08-24 17:37:02"}
{"level":"info","message":"GET /12345 200 83ms","meta":{},"timestamp":"2022-08-24 17:37:02"}
{"level":"info","message":"GET /12345 200 89ms","meta":{},"timestamp":"2022-08-24 17:37:02"}
{"level":"info","message":"GET /12345 200 91ms","meta":{},"timestamp":"2022-08-24 17:37:02"}
{"level":"info","message":"GET /12345 200 87ms","meta":{},"timestamp":"2022-08-24 17:37:02"}
{"level":"info","message":"GET /12345 200 85ms","meta":{},"timestamp":"2022-08-24 17:37:02"}
{"level":"info","message":"GET /12345 200 82ms","meta":{},"timestamp":"2022-08-24 17:37:02"}
{"level":"info","message":"GET /12345 200 75ms","meta":{},"timestamp":"2022-08-24 17:37:02"}
{"level":"info","message":"GET /12345 200 76ms","meta":{},"timestamp":"2022-08-24 17:37:03"}
{"level":"info","message":"GET /12345 200 81ms","meta":{},"timestamp":"2022-08-24 17:37:03"}
{"level":"info","message":"GET /12345 200 82ms","meta":{},"timestamp":"2022-08-24 17:37:03"}
{"level":"info","message":"GET /12345 200 83ms","meta":{},"timestamp":"2022-08-24 17:37:03"}
{"level":"info","message":"GET /12345 200 87ms","meta":{},"timestamp":"2022-08-24 17:37:03"}
{"level":"info","message":"GET /12345 200 88ms","meta":{},"timestamp":"2022-08-24 17:37:03"}
{"level":"info","message":"GET /12345 200 80ms","meta":{},"timestamp":"2022-08-24 17:37:03"}
{"level":"info","message":"GET /12345 200 81ms","meta":{},"timestamp":"2022-08-24 17:37:03"}
{"level":"info","message":"GET /12345 200 67ms","meta":{},"timestamp":"2022-08-24 17:37:03"}
{"level":"info","message":"GET /12345 200 83ms","meta":{},"timestamp":"2022-08-24 17:37:03"}
{"level":"info","message":"GET /12345 200 76ms","meta":{},"timestamp":"2022-08-24 17:37:04"}
{"level":"info","message":"GET /12345 200 80ms","meta":{},"timestamp":"2022-08-24 17:37:04"}
{"level":"info","message":"GET /12345 200 79ms","meta":{},"timestamp":"2022-08-24 17:37:04"}
{"level":"info","message":"GET /12345 200 80ms","meta":{},"timestamp":"2022-08-24 17:37:04"}
{"level":"info","message":"GET /12345 200 82ms","meta":{},"timestamp":"2022-08-24 17:37:04"}
{"level":"info","message":"GET /12345 200 81ms","meta":{},"timestamp":"2022-08-24 17:37:04"}
{"level":"info","message":"GET /12345 200 83ms","meta":{},"timestamp":"2022-08-24 17:37:04"}
{"level":"info","message":"GET /12345 200 79ms","meta":{},"timestamp":"2022-08-24 17:37:04"}
{"level":"info","message":"GET /12345 200 80ms","meta":{},"timestamp":"2022-08-24 17:37:04"}
{"level":"info","message":"GET /12345 200 82ms","meta":{},"timestamp":"2022-08-24 17:37:04"}
{"level":"info","message":"GET /12345 200 78ms","meta":{},"timestamp":"2022-08-24 17:37:04"}
{"level":"info","message":"GET /12345 200 76ms","meta":{},"timestamp":"2022-08-24 17:37:05"}
{"level":"info","message":"GET /12345 200 79ms","meta":{},"timestamp":"2022-08-24 17:37:05"}
{"level":"info","message":"GET /12345 200 87ms","meta":{},"timestamp":"2022-08-24 17:37:05"}
{"level":"info","message":"GET /12345 200 87ms","meta":{},"timestamp":"2022-08-24 17:37:05"}
{"level":"info","message":"GET /12345 200 85ms","meta":{},"timestamp":"2022-08-24 17:37:05"}
{"level":"info","message":"GET /12345 200 67ms","meta":{},"timestamp":"2022-08-24 17:37:05"}
{"level":"info","message":"GET /12345 200 68ms","meta":{},"timestamp":"2022-08-24 17:37:05"}
{"level":"info","message":"GET /12345 200 79ms","meta":{},"timestamp":"2022-08-24 17:37:05"}
{"level":"info","message":"GET /12345 200 75ms","meta":{},"timestamp":"2022-08-24 17:37:05"}
{"level":"info","message":"GET /12345 200 85ms","meta":{},"timestamp":"2022-08-24 17:37:05"}
{"level":"info","message":"GET /12345 200 77ms","meta":{},"timestamp":"2022-08-24 17:37:06"}
{"level":"info","message":"GET /12345 200 83ms","meta":{},"timestamp":"2022-08-24 17:37:06"}
{"level":"info","message":"GET /12345 200 68ms","meta":{},"timestamp":"2022-08-24 17:37:06"}
{"level":"info","message":"GET /12345 200 86ms","meta":{},"timestamp":"2022-08-24 17:37:06"}
{"level":"info","message":"GET /12345 200 87ms","meta":{},"timestamp":"2022-08-24 17:37:06"}
{"level":"info","message":"GET /12345 200 92ms","meta":{},"timestamp":"2022-08-24 17:37:06"}
{"level":"info","message":"GET /12345 200 77ms","meta":{},"timestamp":"2022-08-24 17:37:06"}
{"level":"info","message":"GET /12345 200 74ms","meta":{},"timestamp":"2022-08-24 17:37:06"}
{"level":"info","message":"GET /12345 200 82ms","meta":{},"timestamp":"2022-08-24 17:37:06"}
{"level":"info","message":"GET /12345 200 79ms","meta":{},"timestamp":"2022-08-24 17:37:06"}
{"level":"info","message":"GET /12345 200 76ms","meta":{},"timestamp":"2022-08-24 17:37:07"}
{"level":"info","message":"GET /12345 200 89ms","meta":{},"timestamp":"2022-08-24 17:37:07"}
{"level":"info","message":"GET /12345 200 60ms","meta":{},"timestamp":"2022-08-24 17:37:07"}
{"level":"info","message":"GET /12345 200 71ms","meta":{},"timestamp":"2022-08-24 17:37:07"}
{"level":"info","message":"GET /12345 200 82ms","meta":{},"timestamp":"2022-08-24 17:37:07"}
{"level":"info","message":"GET /12345 200 67ms","meta":{},"timestamp":"2022-08-24 17:37:07"}
{"level":"info","message":"GET /12345 200 87ms","meta":{},"timestamp":"2022-08-24 17:37:07"}
{"level":"info","message":"GET /12345 200 85ms","meta":{},"timestamp":"2022-08-24 17:37:07"}
{"level":"info","message":"GET /12345 200 84ms","meta":{},"timestamp":"2022-08-24 17:37:07"}
{"level":"info","message":"GET /12345 200 85ms","meta":{},"timestamp":"2022-08-24 17:37:07"}
{"level":"info","message":"GET /12345 200 81ms","meta":{},"timestamp":"2022-08-24 17:37:08"}
{"level":"info","message":"GET /12345 200 76ms","meta":{},"timestamp":"2022-08-24 17:37:08"}
{"level":"info","message":"GET /12345 200 80ms","meta":{},"timestamp":"2022-08-24 17:37:08"}
{"level":"info","message":"GET /12345 200 75ms","meta":{},"timestamp":"2022-08-24 17:37:08"}
{"level":"info","message":"GET /12345 200 79ms","meta":{},"timestamp":"2022-08-24 17:37:08"}
{"level":"info","message":"GET /12345 200 80ms","meta":{},"timestamp":"2022-08-24 17:37:08"}
{"level":"info","message":"GET /12345 200 65ms","meta":{},"timestamp":"2022-08-24 17:37:08"}
{"level":"info","message":"GET /12345 200 65ms","meta":{},"timestamp":"2022-08-24 17:37:08"}
{"level":"info","message":"GET /12345 200 86ms","meta":{},"timestamp":"2022-08-24 17:37:08"}
{"level":"info","message":"GET /12345 200 87ms","meta":{},"timestamp":"2022-08-24 17:37:08"}
{"level":"info","message":"GET /12345 200 77ms","meta":{},"timestamp":"2022-08-24 17:37:08"}
{"level":"info","message":"GET /12345 200 87ms","meta":{},"timestamp":"2022-08-24 17:37:09"}
{"level":"info","message":"GET /12345 200 84ms","meta":{},"timestamp":"2022-08-24 17:37:09"}
{"level":"info","message":"GET /12345 200 83ms","meta":{},"timestamp":"2022-08-24 17:37:09"}
{"level":"info","message":"GET /12345 200 84ms","meta":{},"timestamp":"2022-08-24 17:37:09"}
{"level":"info","message":"GET /12345 200 81ms","meta":{},"timestamp":"2022-08-24 17:37:09"}
{"level":"info","message":"GET /12345 200 86ms","meta":{},"timestamp":"2022-08-24 17:37:09"}
{"level":"info","message":"GET /12345 200 85ms","meta":{},"timestamp":"2022-08-24 17:37:09"}
{"level":"info","message":"GET /12345 200 85ms","meta":{},"timestamp":"2022-08-24 17:37:09"}
{"level":"info","message":"GET /12345 200 86ms","meta":{},"timestamp":"2022-08-24 17:37:14"}
{"level":"info","message":"GET /12345 200 83ms","meta":{},"timestamp":"2022-08-24 17:37:14"}
{"level":"info","message":"GET /12345 200 61ms","meta":{},"timestamp":"2022-08-24 17:37:59"}
{"level":"info","message":"GET /12345 200 62ms","meta":{},"timestamp":"2022-08-24 17:37:59"}
{"level":"info","message":"GET /12345 200 60ms","meta":{},"timestamp":"2022-08-24 17:38:55"}
{"level":"info","message":"GET /12345 200 65ms","meta":{},"timestamp":"2022-08-24 17:38:57"}
{"level":"info","message":"GET /12345 200 62ms","meta":{},"timestamp":"2022-08-24 17:38:57"}
{"level":"info","message":"GET /12345 200 62ms","meta":{},"timestamp":"2022-08-24 17:45:15"}
{"level":"info","message":"GET /12345 200 60ms","meta":{},"timestamp":"2022-08-24 17:45:15"}
{"level":"info","message":"GET /12345 200 60ms","meta":{},"timestamp":"2022-08-24 17:45:20"}
{"level":"info","message":"GET /12345 200 62ms","meta":{},"timestamp":"2022-08-24 17:45:20"}
{"level":"info","message":"PUT /12345 200 84ms","meta":{},"timestamp":"2022-08-24 17:45:31"}
{"level":"info","message":"GET /12345 200 58ms","meta":{},"timestamp":"2022-08-24 17:46:29"}
{"level":"info","message":"GET /12345 200 62ms","meta":{},"timestamp":"2022-08-24 17:46:46"}
{"level":"info","message":"GET /12345 200 59ms","meta":{},"timestamp":"2022-08-24 17:46:46"}
{"level":"info","message":"GET /12345 200 70ms","meta":{},"timestamp":"2022-08-24 17:47:10"}
{"level":"info","message":"GET /12345 200 60ms","meta":{},"timestamp":"2022-08-24 17:47:10"}
{"level":"info","message":"GET /12345 200 63ms","meta":{},"timestamp":"2022-08-24 17:47:49"}
{"level":"info","message":"GET /12345 200 61ms","meta":{},"timestamp":"2022-08-24 17:47:49"}
{"level":"info","message":"GET /12345 200 62ms","meta":{},"timestamp":"2022-08-24 17:48:37"}
{"level":"info","message":"GET /12345 200 58ms","meta":{},"timestamp":"2022-08-24 17:48:37"}
{"level":"info","message":"GET /12345 200 62ms","meta":{},"timestamp":"2022-08-24 17:48:53"}
{"level":"info","message":"GET /12345 200 61ms","meta":{},"timestamp":"2022-08-24 17:48:53"}
{"level":"info","message":"GET /12345 200 62ms","meta":{},"timestamp":"2022-08-24 17:49:11"}
{"level":"info","message":"GET /12345 200 61ms","meta":{},"timestamp":"2022-08-24 17:49:11"}
{"level":"info","message":"GET /12345 200 81ms","meta":{},"timestamp":"2022-08-24 17:49:41"}
{"level":"info","message":"GET /12345 200 84ms","meta":{},"timestamp":"2022-08-24 17:49:41"}
{"level":"info","message":"GET /12345 200 59ms","meta":{},"timestamp":"2022-08-24 17:49:52"}
{"level":"info","message":"GET /12345 200 59ms","meta":{},"timestamp":"2022-08-24 17:49:52"}
{"level":"info","message":"GET /12345 200 62ms","meta":{},"timestamp":"2022-08-24 17:49:54"}
{"level":"info","message":"GET /12345 200 59ms","meta":{},"timestamp":"2022-08-24 17:49:54"}
{"level":"info","message":"GET /12345 200 59ms","meta":{},"timestamp":"2022-08-24 17:50:16"}
{"level":"info","message":"GET /12345 200 62ms","meta":{},"timestamp":"2022-08-24 17:50:19"}
{"level":"info","message":"GET /12345 200 61ms","meta":{},"timestamp":"2022-08-24 17:50:20"}
{"level":"info","message":"GET /12345 200 81ms","meta":{},"timestamp":"2022-08-24 17:50:23"}
{"level":"info","message":"GET /1233 200 2ms","meta":{},"timestamp":"2022-08-24 17:50:30"}
{"level":"info","message":"GET /1233 200 1ms","meta":{},"timestamp":"2022-08-24 17:50:30"}
{"level":"info","message":"POST /1233 200 24ms","meta":{},"timestamp":"2022-08-24 17:50:34"}
{"level":"info","message":"HEAD /1233 200 2ms","meta":{},"timestamp":"2022-08-24 17:50:43"}
{"level":"info","message":"POST /page/password 200 89ms","meta":{},"timestamp":"2022-08-24 17:50:49"}
{"level":"info","message":"GET /1233 200 61ms","meta":{},"timestamp":"2022-08-24 17:51:07"}
{"level":"info","message":"GET /1233 200 61ms","meta":{},"timestamp":"2022-08-24 17:51:07"}
{"level":"info","message":"PUT /1233 200 59ms","meta":{},"timestamp":"2022-08-24 17:51:17"}
{"level":"info","message":"GET /1233 200 58ms","meta":{},"timestamp":"2022-08-24 17:52:22"}
{"level":"info","message":"PUT /1233 200 81ms","meta":{},"timestamp":"2022-08-24 17:52:28"}
{"level":"info","message":"GET /1233 200 57ms","meta":{},"timestamp":"2022-08-24 17:53:48"}
{"level":"info","message":"PUT /1233 200 87ms","meta":{},"timestamp":"2022-08-24 17:54:00"}
{"level":"info","message":"GET /1233 200 89ms","meta":{},"timestamp":"2022-08-24 17:54:22"}
{"level":"info","message":"GET /1233 200 80ms","meta":{},"timestamp":"2022-08-24 17:54:22"}
{"level":"info","message":"GET /1233 200 61ms","meta":{},"timestamp":"2022-08-24 17:55:34"}
{"level":"info","message":"GET /1233 200 64ms","meta":{},"timestamp":"2022-08-24 17:55:36"}
{"level":"info","message":"GET /1233 200 62ms","meta":{},"timestamp":"2022-08-24 17:55:36"}
{"level":"info","message":"GET /1233 200 59ms","meta":{},"timestamp":"2022-08-24 17:56:01"}
{"level":"info","message":"GET /1233 200 59ms","meta":{},"timestamp":"2022-08-24 17:56:06"}
{"level":"info","message":"GET /1233 200 83ms","meta":{},"timestamp":"2022-08-24 17:56:17"}
{"level":"info","message":"GET /1233 200 82ms","meta":{},"timestamp":"2022-08-24 17:56:17"}
{"level":"info","message":"PUT /1233 200 84ms","meta":{},"timestamp":"2022-08-24 17:56:23"}
{"level":"info","message":"GET /1233 200 90ms","meta":{},"timestamp":"2022-08-24 17:56:27"}
{"level":"info","message":"GET /1233 200 82ms","meta":{},"timestamp":"2022-08-24 17:56:27"}
{"level":"info","message":"GET /1233 200 63ms","meta":{},"timestamp":"2022-08-24 17:56:36"}
{"level":"info","message":"GET /1233 200 64ms","meta":{},"timestamp":"2022-08-24 17:56:39"}
{"level":"info","message":"GET /1233 200 62ms","meta":{},"timestamp":"2022-08-24 17:56:39"}
{"level":"info","message":"DELETE /page/password 200 87ms","meta":{},"timestamp":"2022-08-24 17:56:48"}
{"level":"info","message":"GET /1233 200 1ms","meta":{},"timestamp":"2022-08-24 17:56:52"}
{"level":"info","message":"GET /1233 200 1ms","meta":{},"timestamp":"2022-08-24 17:56:52"}
{"level":"info","message":"GET /1233 200 2ms","meta":{},"timestamp":"2022-08-24 17:56:54"}
{"level":"info","message":"GET /1233 200 2ms","meta":{},"timestamp":"2022-08-24 17:56:54"}
{"level":"info","message":"PUT /1233 200 19ms","meta":{},"timestamp":"2022-08-24 17:57:06"}
{"level":"info","message":"HEAD /jSKTR4 404 4ms","meta":{},"timestamp":"2022-08-24 18:03:05"}
{"level":"info","message":"HEAD /03FJhH 404 46ms","meta":{},"timestamp":"2022-08-24 18:03:05"}
{"level":"info","message":"GET /1233 200 8ms","meta":{},"timestamp":"2022-08-24 18:04:27"}
{"level":"info","message":"HEAD /BTufHL 404 5ms","meta":{},"timestamp":"2022-08-24 18:04:32"}
{"level":"info","message":"HEAD /3dU3e9 404 9ms","meta":{},"timestamp":"2022-08-24 18:04:32"}
{"level":"info","message":"HEAD /13TVfK 404 6ms","meta":{},"timestamp":"2022-08-24 18:04:32"}
{"level":"info","message":"HEAD /cJ9R45 404 8ms","meta":{},"timestamp":"2022-08-24 18:04:32"}
{"level":"info","message":"HEAD /cCr8Gb 404 12ms","meta":{},"timestamp":"2022-08-24 18:04:32"}
{"level":"info","message":"HEAD /BStLqv 404 8ms","meta":{},"timestamp":"2022-08-24 18:04:32"}
{"level":"info","message":"HEAD /A6HCMI 404 5ms","meta":{},"timestamp":"2022-08-24 18:04:32"}
{"level":"info","message":"HEAD /77kuG7 404 4ms","meta":{},"timestamp":"2022-08-24 18:04:32"}
{"level":"info","message":"HEAD /hgRozO 404 4ms","meta":{},"timestamp":"2022-08-24 18:04:32"}
{"level":"info","message":"HEAD /xvs9Et 404 3ms","meta":{},"timestamp":"2022-08-24 18:04:40"}
{"level":"info","message":"HEAD /RgDvoA 404 2ms","meta":{},"timestamp":"2022-08-24 18:04:40"}
{"level":"info","message":"GET /syHHKK 200 1ms","meta":{},"timestamp":"2022-08-24 18:05:03"}
{"level":"info","message":"GET /syHHKK 200 1ms","meta":{},"timestamp":"2022-08-24 18:05:03"}
{"level":"info","message":"GET /12345 200 178ms","meta":{},"timestamp":"2022-08-24 18:06:35"}
{"level":"info","message":"GET /12345 200 86ms","meta":{},"timestamp":"2022-08-24 18:06:35"}
{"level":"info","message":"GET /12345 200 58ms","meta":{},"timestamp":"2022-08-24 18:08:06"}
{"level":"info","message":"GET /12345 200 66ms","meta":{},"timestamp":"2022-08-24 18:08:06"}
{"level":"info","message":"GET /12345 200 81ms","meta":{},"timestamp":"2022-08-24 18:08:31"}
{"level":"info","message":"GET /12345 200 61ms","meta":{},"timestamp":"2022-08-24 18:11:31"}
{"level":"info","message":"GET /12345 200 68ms","meta":{},"timestamp":"2022-08-24 18:12:11"}
{"level":"info","message":"GET /12345 200 61ms","meta":{},"timestamp":"2022-08-24 18:12:11"}
{"level":"info","message":"GET /12345 200 83ms","meta":{},"timestamp":"2022-08-24 18:12:15"}
{"level":"info","message":"GET /12345 200 141ms","meta":{},"timestamp":"2022-08-24 18:12:27"}
{"level":"info","message":"GET /12345 200 83ms","meta":{},"timestamp":"2022-08-24 18:12:27"}
{"level":"info","message":"GET /12345 200 86ms","meta":{},"timestamp":"2022-08-24 18:12:29"}
{"level":"info","message":"GET /12345 200 84ms","meta":{},"timestamp":"2022-08-24 18:12:29"}
{"level":"info","message":"GET /12345 200 92ms","meta":{},"timestamp":"2022-08-24 18:12:38"}
{"level":"info","message":"GET /12345 200 86ms","meta":{},"timestamp":"2022-08-24 18:12:38"}
{"level":"info","message":"GET /1233 200 1ms","meta":{},"timestamp":"2022-08-24 18:13:01"}
{"level":"info","message":"GET /1233 200 1ms","meta":{},"timestamp":"2022-08-24 18:13:01"}
{"level":"info","message":"PUT /1233 200 16ms","meta":{},"timestamp":"2022-08-24 18:13:07"}
{"level":"info","message":"GET /hi 200 1ms","meta":{},"timestamp":"2022-08-24 18:13:13"}
{"level":"info","message":"GET /hi 200 2ms","meta":{},"timestamp":"2022-08-24 18:13:13"}
{"level":"info","message":"POST /hi 200 25ms","meta":{},"timestamp":"2022-08-24 18:13:19"}
{"level":"info","message":"GET /hi 200 2ms","meta":{},"timestamp":"2022-08-24 18:14:11"}
{"level":"info","message":"GET /hua 200 2ms","meta":{},"timestamp":"2022-08-24 18:14:19"}
{"level":"info","message":"GET /hua 200 3ms","meta":{},"timestamp":"2022-08-24 18:14:19"}
{"level":"info","message":"GET /hua2 200 2ms","meta":{},"timestamp":"2022-08-24 18:14:23"}
{"level":"info","message":"GET /hua2 200 2ms","meta":{},"timestamp":"2022-08-24 18:14:23"}
{"level":"info","message":"POST /hua2 200 22ms","meta":{},"timestamp":"2022-08-24 18:14:32"}
{"level":"info","message":"GET /hua2 200 2ms","meta":{},"timestamp":"2022-08-24 18:16:38"}
{"level":"info","message":"GET /hua2 200 1ms","meta":{},"timestamp":"2022-08-24 18:16:45"}
{"level":"info","message":"GET /hua2 200 3ms","meta":{},"timestamp":"2022-08-24 18:16:45"}
{"level":"info","message":"GET /hua3 200 2ms","meta":{},"timestamp":"2022-08-24 18:16:48"}
{"level":"info","message":"GET /hua3 200 2ms","meta":{},"timestamp":"2022-08-24 18:16:48"}
{"level":"info","message":"POST /hua3 200 21ms","meta":{},"timestamp":"2022-08-24 18:16:54"}
{"level":"info","message":"GET /hua3 200 1ms","meta":{},"timestamp":"2022-08-24 18:17:52"}
{"level":"info","message":"GET /hua3 200 2ms","meta":{},"timestamp":"2022-08-24 18:17:54"}
{"level":"info","message":"GET /hua3 200 2ms","meta":{},"timestamp":"2022-08-24 18:17:54"}
{"level":"info","message":"GET /hua4 200 1ms","meta":{},"timestamp":"2022-08-24 18:17:56"}
{"level":"info","message":"GET /hua4 200 1ms","meta":{},"timestamp":"2022-08-24 18:17:56"}
{"level":"info","message":"GET /hua4 200 1ms","meta":{},"timestamp":"2022-08-24 18:18:23"}
{"level":"info","message":"GET /hua4 200 2ms","meta":{},"timestamp":"2022-08-24 18:18:25"}
{"level":"info","message":"GET /hua4 200 2ms","meta":{},"timestamp":"2022-08-24 18:18:25"}
{"level":"info","message":"POST /hua4 200 20ms","meta":{},"timestamp":"2022-08-24 18:18:29"}
{"level":"info","message":"GET /hua4 200 1ms","meta":{},"timestamp":"2022-08-24 18:19:13"}
{"level":"info","message":"GET /hua5 200 2ms","meta":{},"timestamp":"2022-08-24 18:19:17"}
{"level":"info","message":"GET /hua5 200 2ms","meta":{},"timestamp":"2022-08-24 18:19:17"}
{"level":"info","message":"POST /hua5 200 9ms","meta":{},"timestamp":"2022-08-24 18:19:22"}
{"level":"info","message":"GET /hua5 200 2ms","meta":{},"timestamp":"2022-08-24 18:20:24"}
{"level":"info","message":"GET /hua5 200 2ms","meta":{},"timestamp":"2022-08-24 18:21:10"}
{"level":"info","message":"GET /hua6 200 1ms","meta":{},"timestamp":"2022-08-24 18:21:17"}
{"level":"info","message":"GET /hua6 200 1ms","meta":{},"timestamp":"2022-08-24 18:21:17"}
{"level":"info","message":"POST /hua6 200 22ms","meta":{},"timestamp":"2022-08-24 18:21:23"}
{"level":"info","message":"GET /hua6 200 2ms","meta":{},"timestamp":"2022-08-24 18:23:48"}
{"level":"info","message":"GET /hua7 200 1ms","meta":{},"timestamp":"2022-08-24 18:23:53"}
{"level":"info","message":"GET /hua7 200 2ms","meta":{},"timestamp":"2022-08-24 18:23:53"}
{"level":"info","message":"POST /hua7 200 22ms","meta":{},"timestamp":"2022-08-24 18:23:58"}
{"level":"info","message":"GET /hua7 200 2ms","meta":{},"timestamp":"2022-08-24 18:24:47"}
{"level":"info","message":"GET /hua7 200 1ms","meta":{},"timestamp":"2022-08-24 18:24:47"}
{"level":"info","message":"PUT /hua7 200 16ms","meta":{},"timestamp":"2022-08-24 18:24:55"}
{"level":"info","message":"GET /hua7 200 8ms","meta":{},"timestamp":"2022-08-24 18:27:29"}
{"level":"info","message":"GET /hua7 200 3ms","meta":{},"timestamp":"2022-08-24 18:27:29"}
{"level":"info","message":"GET /hua8 200 6ms","meta":{},"timestamp":"2022-08-24 18:31:32"}
{"level":"info","message":"GET /hua8 200 1ms","meta":{},"timestamp":"2022-08-24 18:31:32"}
{"level":"info","message":"GET /hua8 200 7ms","meta":{},"timestamp":"2022-08-24 18:32:22"}
{"level":"info","message":"GET /hua8 200 2ms","meta":{},"timestamp":"2022-08-24 18:32:22"}
{"level":"info","message":"POST /hua8 200 44ms","meta":{},"timestamp":"2022-08-24 18:32:27"}
{"level":"info","message":"GET /hua8 200 4ms","meta":{},"timestamp":"2022-08-24 18:32:37"}
{"level":"info","message":"GET /hua8 200 2ms","meta":{},"timestamp":"2022-08-24 18:32:37"}
{"level":"info","message":"PUT /hua8 200 7ms","meta":{},"timestamp":"2022-08-24 18:32:50"}
{"level":"info","message":"PUT /hua8 200 18ms","meta":{},"timestamp":"2022-08-24 18:32:54"}
{"level":"info","message":"GET /hua8 200 7ms","meta":{},"timestamp":"2022-08-24 18:33:27"}
{"level":"info","message":"GET /hua8 200 1ms","meta":{},"timestamp":"2022-08-24 18:33:27"}
{"level":"info","message":"PUT /hua8 200 17ms","meta":{},"timestamp":"2022-08-24 18:33:36"}
{"level":"info","message":"GET /n0jzhg 200 2ms","meta":{},"timestamp":"2022-08-24 18:33:41"}
{"level":"info","message":"GET /favicon.ico 200 2ms","meta":{},"timestamp":"2022-08-24 18:33:41"}
{"level":"info","message":"GET /shared/n0jzhg 404 2ms","meta":{},"timestamp":"2022-08-24 18:33:51"}
{"level":"info","message":"GET /share/n0jzhg 200 5ms","meta":{},"timestamp":"2022-08-24 18:34:02"}
{"level":"info","message":"GET /favicon.ico 200 2ms","meta":{},"timestamp":"2022-08-24 18:34:02"}
