{"level":"info","message":"GET /KQfXCx 200 8ms","meta":{},"timestamp":"2022-08-25 09:39:58"}
{"level":"info","message":"GET /KQfXCx 200 3ms","meta":{},"timestamp":"2022-08-25 09:39:58"}
{"level":"info","message":"POST /KQfXCx 200 106ms","meta":{},"timestamp":"2022-08-25 09:40:15"}
{"level":"info","message":"GET /KQfXCx 200 4ms","meta":{},"timestamp":"2022-08-25 09:40:27"}
{"level":"info","message":"GET /KQfXCx 200 3ms","meta":{},"timestamp":"2022-08-25 09:40:27"}
{"level":"info","message":"GET /PGRx1x 200 2ms","meta":{},"timestamp":"2022-08-25 09:40:35"}
{"level":"info","message":"GET /PGRx1x 200 2ms","meta":{},"timestamp":"2022-08-25 09:40:35"}
{"level":"info","message":"GET /KQfXCx 200 2ms","meta":{},"timestamp":"2022-08-25 09:41:14"}
{"level":"info","message":"GET /KQfXCx 200 5ms","meta":{},"timestamp":"2022-08-25 09:41:14"}
{"level":"info","message":"GET /hi 200 5ms","meta":{},"timestamp":"2022-08-25 09:41:54"}
{"level":"info","message":"GET /hi 200 2ms","meta":{},"timestamp":"2022-08-25 09:41:54"}
{"level":"info","message":"POST /hi 200 45ms","meta":{},"timestamp":"2022-08-25 09:42:02"}
{"level":"info","message":"GET /hi 200 4ms","meta":{},"timestamp":"2022-08-25 09:42:34"}
{"level":"info","message":"GET /hi 200 2ms","meta":{},"timestamp":"2022-08-25 09:42:34"}
{"level":"info","message":"GET /hi 200 1ms","meta":{},"timestamp":"2022-08-25 09:44:11"}
{"level":"info","message":"GET /hi 200 1ms","meta":{},"timestamp":"2022-08-25 09:44:11"}
{"level":"info","message":"GET /hi 200 2ms","meta":{},"timestamp":"2022-08-25 09:46:25"}
{"level":"info","message":"GET /hi 200 2ms","meta":{},"timestamp":"2022-08-25 09:47:34"}
{"level":"info","message":"GET /hi 200 2ms","meta":{},"timestamp":"2022-08-25 09:47:44"}
{"level":"info","message":"GET /hi 200 2ms","meta":{},"timestamp":"2022-08-25 09:48:04"}
{"level":"info","message":"GET /hi 200 2ms","meta":{},"timestamp":"2022-08-25 09:49:06"}
{"level":"info","message":"GET /hi 200 2ms","meta":{},"timestamp":"2022-08-25 09:49:15"}
{"level":"info","message":"GET /hi 200 2ms","meta":{},"timestamp":"2022-08-25 09:50:02"}
{"level":"info","message":"GET /hi 200 2ms","meta":{},"timestamp":"2022-08-25 09:50:58"}
{"level":"info","message":"GET /hi 200 2ms","meta":{},"timestamp":"2022-08-25 09:53:54"}
{"level":"info","message":"GET /tgm3KL 200 2ms","meta":{},"timestamp":"2022-08-25 09:54:52"}
{"level":"info","message":"GET /hi 200 2ms","meta":{},"timestamp":"2022-08-25 09:54:53"}
{"level":"info","message":"GET /hi 200 2ms","meta":{},"timestamp":"2022-08-25 09:55:24"}
{"level":"info","message":"GET /share/tgm3KL 200 5ms","meta":{},"timestamp":"2022-08-25 09:55:35"}
{"level":"info","message":"GET /share/tgm3KL 200 5ms","meta":{},"timestamp":"2022-08-25 09:55:35"}
{"level":"info","message":"GET /share/tgm3KL 200 2ms","meta":{},"timestamp":"2022-08-25 09:58:33"}
{"level":"info","message":"GET /share/tgm3KL 200 3ms","meta":{},"timestamp":"2022-08-25 09:58:53"}
{"level":"info","message":"GET /hi 200 2ms","meta":{},"timestamp":"2022-08-25 09:58:53"}
{"level":"info","message":"GET /hi 200 2ms","meta":{},"timestamp":"2022-08-25 09:59:05"}
{"level":"info","message":"GET /share/tgm3KL 200 2ms","meta":{},"timestamp":"2022-08-25 09:59:12"}
{"level":"info","message":"GET /share/tgm3KL 200 2ms","meta":{},"timestamp":"2022-08-25 09:59:14"}
{"level":"info","message":"GET /share/tgm3KL 200 1ms","meta":{},"timestamp":"2022-08-25 09:59:17"}
{"level":"info","message":"GET /share/tgm3KL 200 2ms","meta":{},"timestamp":"2022-08-25 09:59:17"}
{"level":"info","message":"GET /share/tgm3KL 200 3ms","meta":{},"timestamp":"2022-08-25 10:00:34"}
{"level":"info","message":"GET /share/tgm3KL 200 2ms","meta":{},"timestamp":"2022-08-25 10:00:56"}
{"level":"info","message":"GET /share/tgm3KL 200 2ms","meta":{},"timestamp":"2022-08-25 10:01:13"}
{"level":"info","message":"GET /share/tgm3KL 200 2ms","meta":{},"timestamp":"2022-08-25 10:01:33"}
{"level":"info","message":"GET /share/tgm3KL 200 4ms","meta":{},"timestamp":"2022-08-25 10:01:46"}
{"level":"info","message":"GET /share/tgm3KL 200 2ms","meta":{},"timestamp":"2022-08-25 10:01:52"}
{"level":"info","message":"GET /share/tgm3KL 200 2ms","meta":{},"timestamp":"2022-08-25 10:02:05"}
{"level":"info","message":"GET /share/tgm3KL 200 2ms","meta":{},"timestamp":"2022-08-25 10:02:19"}
{"level":"info","message":"GET /share/tgm3KL 200 2ms","meta":{},"timestamp":"2022-08-25 10:02:26"}
{"level":"info","message":"GET /share/tgm3KL 200 3ms","meta":{},"timestamp":"2022-08-25 10:02:26"}
{"level":"info","message":"GET /share/tgm3KL 200 1ms","meta":{},"timestamp":"2022-08-25 10:02:36"}
{"level":"info","message":"GET /hi 200 1ms","meta":{},"timestamp":"2022-08-25 10:02:38"}
{"level":"info","message":"GET /share/tgm3KL 200 4ms","meta":{},"timestamp":"2022-08-25 10:04:07"}
{"level":"info","message":"GET /share/tgm3KL 200 2ms","meta":{},"timestamp":"2022-08-25 10:04:12"}
{"level":"info","message":"GET /share/tgm3KL 200 2ms","meta":{},"timestamp":"2022-08-25 10:05:35"}
{"level":"info","message":"GET /share/tgm3KL 200 2ms","meta":{},"timestamp":"2022-08-25 10:05:43"}
{"level":"info","message":"GET /share/tgm3KL 200 3ms","meta":{},"timestamp":"2022-08-25 10:05:59"}
{"level":"info","message":"GET /share/tgm3KL 200 2ms","meta":{},"timestamp":"2022-08-25 10:06:31"}
{"level":"info","message":"GET /hi 200 2ms","meta":{},"timestamp":"2022-08-25 10:09:53"}
{"level":"info","message":"GET /hi 200 1ms","meta":{},"timestamp":"2022-08-25 10:11:38"}
{"level":"info","message":"GET /hi 200 1ms","meta":{},"timestamp":"2022-08-25 10:13:23"}
{"level":"info","message":"GET /share/tgm3KL 200 2ms","meta":{},"timestamp":"2022-08-25 10:13:58"}
{"level":"info","message":"GET /share/tgm3KL 200 2ms","meta":{},"timestamp":"2022-08-25 10:14:00"}
{"level":"info","message":"GET /share/tgm3KL 200 2ms","meta":{},"timestamp":"2022-08-25 10:14:00"}
{"level":"info","message":"GET /hi 200 2ms","meta":{},"timestamp":"2022-08-25 10:16:06"}
{"level":"info","message":"GET /share/tgm3KL 200 1ms","meta":{},"timestamp":"2022-08-25 10:16:07"}
{"level":"info","message":"GET /share/tgm3KL 200 1ms","meta":{},"timestamp":"2022-08-25 10:16:07"}
{"level":"info","message":"GET /share/tgm3KL 200 2ms","meta":{},"timestamp":"2022-08-25 10:17:46"}
{"level":"info","message":"GET /share/tgm3KL 200 2ms","meta":{},"timestamp":"2022-08-25 10:17:46"}
{"level":"info","message":"GET /share/tgm3KL 200 1ms","meta":{},"timestamp":"2022-08-25 10:18:33"}
{"level":"info","message":"GET /share/tgm3KL 200 1ms","meta":{},"timestamp":"2022-08-25 10:18:33"}
{"level":"info","message":"GET /share/tgm3KL 200 2ms","meta":{},"timestamp":"2022-08-25 10:18:40"}
{"level":"info","message":"GET /share/tgm3KL 200 2ms","meta":{},"timestamp":"2022-08-25 10:18:40"}
{"level":"info","message":"GET /share/tgm3KL 200 2ms","meta":{},"timestamp":"2022-08-25 10:19:44"}
{"level":"info","message":"GET /share/tgm3KL 200 1ms","meta":{},"timestamp":"2022-08-25 10:19:44"}
{"level":"info","message":"GET /share/tgm3KL 200 3ms","meta":{},"timestamp":"2022-08-25 10:20:07"}
{"level":"info","message":"GET /share/tgm3KL 200 2ms","meta":{},"timestamp":"2022-08-25 10:20:07"}
{"level":"info","message":"GET /share/tgm3KL 200 3ms","meta":{},"timestamp":"2022-08-25 10:20:23"}
{"level":"info","message":"GET /share/tgm3KL 200 2ms","meta":{},"timestamp":"2022-08-25 10:20:23"}
{"level":"info","message":"GET /share/tgm3KL 200 2ms","meta":{},"timestamp":"2022-08-25 10:21:07"}
{"level":"info","message":"GET /hi 200 1ms","meta":{},"timestamp":"2022-08-25 10:21:08"}
{"level":"info","message":"GET /share/tgm3KL 200 1ms","meta":{},"timestamp":"2022-08-25 10:21:10"}
{"level":"info","message":"GET /share/tgm3KL 200 1ms","meta":{},"timestamp":"2022-08-25 10:21:10"}
{"level":"info","message":"GET /share/tgm3KL 200 2ms","meta":{},"timestamp":"2022-08-25 10:23:00"}
{"level":"info","message":"GET /share/tgm3KL 200 1ms","meta":{},"timestamp":"2022-08-25 10:23:00"}
{"level":"info","message":"GET /share/tgm3KL 200 2ms","meta":{},"timestamp":"2022-08-25 10:25:51"}
{"level":"info","message":"GET /share/tgm3KL 200 1ms","meta":{},"timestamp":"2022-08-25 10:25:51"}
{"level":"info","message":"GET /share/tgm3KL 200 3ms","meta":{},"timestamp":"2022-08-25 10:26:15"}
{"level":"info","message":"GET /share/tgm3KL 200 2ms","meta":{},"timestamp":"2022-08-25 10:26:15"}
{"level":"info","message":"GET /share/tgm3KL 200 3ms","meta":{},"timestamp":"2022-08-25 10:26:46"}
{"level":"info","message":"GET /share/tgm3KL 200 2ms","meta":{},"timestamp":"2022-08-25 10:26:46"}
{"level":"info","message":"GET /share/tgm3KL 200 2ms","meta":{},"timestamp":"2022-08-25 10:26:50"}
{"level":"info","message":"GET /share/tgm3KL 200 2ms","meta":{},"timestamp":"2022-08-25 10:26:50"}
{"level":"info","message":"GET /share/tgm3KL 200 3ms","meta":{},"timestamp":"2022-08-25 10:27:22"}
{"level":"info","message":"GET /share/tgm3KL 200 2ms","meta":{},"timestamp":"2022-08-25 10:27:22"}
{"level":"info","message":"GET /share/tgm3KL 200 3ms","meta":{},"timestamp":"2022-08-25 10:27:42"}
{"level":"info","message":"GET /share/tgm3KL 200 1ms","meta":{},"timestamp":"2022-08-25 10:27:42"}
{"level":"info","message":"GET /share/tgm3KL 200 2ms","meta":{},"timestamp":"2022-08-25 10:27:44"}
{"level":"info","message":"GET /share/tgm3KL 200 3ms","meta":{},"timestamp":"2022-08-25 10:27:44"}
{"level":"info","message":"GET /hi 200 2ms","meta":{},"timestamp":"2022-08-25 10:28:20"}
{"level":"info","message":"GET /hi 200 2ms","meta":{},"timestamp":"2022-08-25 10:28:20"}
{"level":"info","message":"GET /share/tgm3KL 200 2ms","meta":{},"timestamp":"2022-08-25 10:28:23"}
{"level":"info","message":"GET /share/tgm3KL 200 2ms","meta":{},"timestamp":"2022-08-25 10:28:23"}
{"level":"info","message":"GET /share/tgm3KL 200 1ms","meta":{},"timestamp":"2022-08-25 10:29:11"}
{"level":"info","message":"GET /share/tgm3KL 200 1ms","meta":{},"timestamp":"2022-08-25 10:29:11"}
{"level":"info","message":"GET /share/tgm3KL 200 1ms","meta":{},"timestamp":"2022-08-25 10:29:33"}
{"level":"info","message":"GET /share/tgm3KL 200 3ms","meta":{},"timestamp":"2022-08-25 10:29:33"}
{"level":"info","message":"GET /share/tgm3KL 200 2ms","meta":{},"timestamp":"2022-08-25 10:29:57"}
{"level":"info","message":"GET /share/tgm3KL 200 1ms","meta":{},"timestamp":"2022-08-25 10:29:57"}
{"level":"info","message":"GET /share/tgm3KL 200 2ms","meta":{},"timestamp":"2022-08-25 10:30:02"}
{"level":"info","message":"GET /share/tgm3KL 200 2ms","meta":{},"timestamp":"2022-08-25 10:30:02"}
{"level":"info","message":"GET /share/tgm3KL 200 25ms","meta":{},"timestamp":"2022-08-25 10:30:19"}
{"level":"info","message":"GET /share/tgm3KL 200 1ms","meta":{},"timestamp":"2022-08-25 10:30:19"}
{"level":"info","message":"GET /share/tgm3KL 200 2ms","meta":{},"timestamp":"2022-08-25 10:30:29"}
{"level":"info","message":"GET /share/tgm3KL 200 2ms","meta":{},"timestamp":"2022-08-25 10:30:29"}
{"level":"info","message":"GET /share/tgm3KL 200 3ms","meta":{},"timestamp":"2022-08-25 10:30:47"}
{"level":"info","message":"GET /share/tgm3KL 200 3ms","meta":{},"timestamp":"2022-08-25 10:30:47"}
{"level":"info","message":"GET /share/tgm3KL 200 2ms","meta":{},"timestamp":"2022-08-25 10:31:18"}
{"level":"info","message":"GET /share/tgm3KL 200 1ms","meta":{},"timestamp":"2022-08-25 10:31:18"}
{"level":"info","message":"GET /share/tgm3KL 200 1ms","meta":{},"timestamp":"2022-08-25 10:31:45"}
{"level":"info","message":"GET /share/tgm3KL 200 2ms","meta":{},"timestamp":"2022-08-25 10:31:45"}
{"level":"info","message":"GET /share/tgm3KL 200 2ms","meta":{},"timestamp":"2022-08-25 10:32:49"}
{"level":"info","message":"GET /share/tgm3KL 200 1ms","meta":{},"timestamp":"2022-08-25 10:32:49"}
{"level":"info","message":"GET /hi 200 1ms","meta":{},"timestamp":"2022-08-25 10:33:04"}
{"level":"info","message":"GET /hi 200 1ms","meta":{},"timestamp":"2022-08-25 10:33:04"}
{"level":"info","message":"GET /share/tgm3KL 200 2ms","meta":{},"timestamp":"2022-08-25 10:34:59"}
{"level":"info","message":"GET /share/tgm3KL 200 4ms","meta":{},"timestamp":"2022-08-25 10:34:59"}
{"level":"info","message":"GET /share/tgm3KL 200 2ms","meta":{},"timestamp":"2022-08-25 10:35:01"}
{"level":"info","message":"GET /share/tgm3KL 200 2ms","meta":{},"timestamp":"2022-08-25 10:35:03"}
{"level":"info","message":"GET /share/tgm3KL 200 2ms","meta":{},"timestamp":"2022-08-25 10:35:03"}
{"level":"info","message":"GET /share/tgm3KL 200 2ms","meta":{},"timestamp":"2022-08-25 10:36:23"}
{"level":"info","message":"GET /share/tgm3KL 200 2ms","meta":{},"timestamp":"2022-08-25 10:36:49"}
{"level":"info","message":"GET /share/tgm3KL 200 2ms","meta":{},"timestamp":"2022-08-25 10:36:56"}
{"level":"info","message":"GET /share/tgm3KL 200 2ms","meta":{},"timestamp":"2022-08-25 10:36:59"}
{"level":"info","message":"GET /share/tgm3KL 200 2ms","meta":{},"timestamp":"2022-08-25 10:36:59"}
{"level":"info","message":"GET /hi 200 2ms","meta":{},"timestamp":"2022-08-25 10:37:10"}
{"level":"info","message":"GET /hi 200 2ms","meta":{},"timestamp":"2022-08-25 10:37:10"}
{"level":"info","message":"GET /share/tgm3KL 200 2ms","meta":{},"timestamp":"2022-08-25 10:37:38"}
{"level":"info","message":"GET /share/tgm3KL 200 2ms","meta":{},"timestamp":"2022-08-25 10:37:38"}
{"level":"info","message":"HEAD /hi 200 4ms","meta":{},"timestamp":"2022-08-25 10:37:44"}
{"level":"info","message":"POST /page/password 200 112ms","meta":{},"timestamp":"2022-08-25 10:37:49"}
{"level":"info","message":"GET /hi 200 87ms","meta":{},"timestamp":"2022-08-25 10:37:52"}
{"level":"info","message":"GET /hi 200 84ms","meta":{},"timestamp":"2022-08-25 10:37:52"}
{"level":"info","message":"GET /share/tgm3KL 200 3ms","meta":{},"timestamp":"2022-08-25 10:37:55"}
{"level":"info","message":"GET /share/tgm3KL 200 2ms","meta":{},"timestamp":"2022-08-25 10:37:55"}
{"level":"info","message":"HEAD /hi 200 2ms","meta":{},"timestamp":"2022-08-25 10:38:05"}
{"level":"info","message":"PUT /hi 200 96ms","meta":{},"timestamp":"2022-08-25 10:38:05"}
{"level":"info","message":"HEAD /hi 200 2ms","meta":{},"timestamp":"2022-08-25 10:38:12"}
{"level":"info","message":"PUT /hi 200 93ms","meta":{},"timestamp":"2022-08-25 10:38:13"}
{"level":"info","message":"GET /share/tgm3KL 200 2ms","meta":{},"timestamp":"2022-08-25 10:38:25"}
{"level":"info","message":"GET /share/tgm3KL 200 2ms","meta":{},"timestamp":"2022-08-25 10:38:25"}
{"level":"info","message":"GET /hi 200 88ms","meta":{},"timestamp":"2022-08-25 10:38:28"}
{"level":"info","message":"GET /hi 200 84ms","meta":{},"timestamp":"2022-08-25 10:38:28"}
{"level":"info","message":"GET /huhu 200 2ms","meta":{},"timestamp":"2022-08-25 10:38:33"}
{"level":"info","message":"GET /huhu 200 2ms","meta":{},"timestamp":"2022-08-25 10:38:33"}
{"level":"info","message":"PUT /hua 200 5ms","meta":{},"timestamp":"2022-08-25 10:41:35"}
{"level":"info","message":"PUT /hi 200 87ms","meta":{},"timestamp":"2022-08-25 10:41:41"}
{"level":"info","message":"PUT /hi 200 82ms","meta":{},"timestamp":"2022-08-25 10:41:50"}
{"level":"info","message":"GET /share/tgm3KL 200 2ms","meta":{},"timestamp":"2022-08-25 10:41:58"}
{"level":"info","message":"GET /share/tgm3KL 200 3ms","meta":{},"timestamp":"2022-08-25 10:41:58"}
{"level":"info","message":"GET /qaz223 200 2ms","meta":{},"timestamp":"2022-08-25 10:42:00"}
{"level":"info","message":"GET /qaz223 200 2ms","meta":{},"timestamp":"2022-08-25 10:42:00"}
{"level":"info","message":"GET /hi 200 86ms","meta":{},"timestamp":"2022-08-25 10:42:03"}
{"level":"info","message":"GET /hi 200 89ms","meta":{},"timestamp":"2022-08-25 10:42:03"}
{"level":"info","message":"PUT /hi 200 81ms","meta":{},"timestamp":"2022-08-25 10:42:43"}
{"level":"info","message":"PUT /hi 200 88ms","meta":{},"timestamp":"2022-08-25 10:43:23"}
{"level":"info","message":"PUT /hi 200 88ms","meta":{},"timestamp":"2022-08-25 10:44:43"}
{"level":"info","message":"PUT /hi 200 87ms","meta":{},"timestamp":"2022-08-25 10:46:18"}
{"level":"info","message":"PUT /hi 200 105ms","meta":{},"timestamp":"2022-08-25 10:50:54"}
{"level":"info","message":"GET /hi 200 3ms","meta":{},"timestamp":"2022-08-25 10:51:08"}
{"level":"info","message":"GET /hi 200 3ms","meta":{},"timestamp":"2022-08-25 10:51:08"}
{"level":"info","message":"GET /share/tgm3KL 200 6ms","meta":{},"timestamp":"2022-08-25 10:51:10"}
{"level":"info","message":"GET /share/tgm3KL 200 3ms","meta":{},"timestamp":"2022-08-25 10:51:10"}
{"level":"info","message":"GET /%20qaz123 200 3ms","meta":{},"timestamp":"2022-08-25 10:51:17"}
{"level":"info","message":"GET /%20qaz123 200 4ms","meta":{},"timestamp":"2022-08-25 10:51:17"}
{"level":"info","message":"GET /qaz223 200 86ms","meta":{},"timestamp":"2022-08-25 10:51:31"}
{"level":"info","message":"GET /qaz223 200 94ms","meta":{},"timestamp":"2022-08-25 10:51:31"}
{"level":"info","message":"GET /qaz223 200 83ms","meta":{},"timestamp":"2022-08-25 10:51:40"}
{"level":"info","message":"GET /qaz223 200 67ms","meta":{},"timestamp":"2022-08-25 10:55:51"}
{"level":"info","message":"GET /qaz223 200 61ms","meta":{},"timestamp":"2022-08-25 10:55:51"}
{"level":"info","message":"HEAD /qaz223 200 5ms","meta":{},"timestamp":"2022-08-25 10:56:01"}
{"level":"info","message":"HEAD /qaz223 200 3ms","meta":{},"timestamp":"2022-08-25 10:56:09"}
{"level":"info","message":"PUT /qaz223 200 91ms","meta":{},"timestamp":"2022-08-25 10:56:09"}
{"level":"info","message":"GET /hihi 200 84ms","meta":{},"timestamp":"2022-08-25 10:56:09"}
{"level":"info","message":"GET /hihi 200 87ms","meta":{},"timestamp":"2022-08-25 10:56:15"}
{"level":"info","message":"GET /hihi 200 86ms","meta":{},"timestamp":"2022-08-25 10:56:15"}
{"level":"info","message":"HEAD /hihi 200 2ms","meta":{},"timestamp":"2022-08-25 10:56:37"}
{"level":"info","message":"DELETE /hihi 200 100ms","meta":{},"timestamp":"2022-08-25 10:56:37"}
{"level":"info","message":"GET /share/tgm3KL 200 2ms","meta":{},"timestamp":"2022-08-25 10:56:43"}
{"level":"info","message":"GET /share/tgm3KL 200 2ms","meta":{},"timestamp":"2022-08-25 10:56:43"}
{"level":"info","message":"GET /share/tgm3KL 200 2ms","meta":{},"timestamp":"2022-08-25 10:56:54"}
{"level":"info","message":"GET /share/tgm3KL 200 3ms","meta":{},"timestamp":"2022-08-25 10:56:54"}
{"level":"info","message":"GET /share/tgm3KL 200 1ms","meta":{},"timestamp":"2022-08-25 10:57:26"}
{"level":"info","message":"GET /share/tgm3KL 200 1ms","meta":{},"timestamp":"2022-08-25 10:57:26"}
{"level":"info","message":"GET /share/tgm3KL 200 3ms","meta":{},"timestamp":"2022-08-25 10:57:35"}
{"level":"info","message":"GET /share/tgm3KL 200 2ms","meta":{},"timestamp":"2022-08-25 10:57:35"}
{"level":"info","message":"GET /share/tgm3KL 200 2ms","meta":{},"timestamp":"2022-08-25 10:59:20"}
{"level":"info","message":"GET /share/tgm3KL 200 2ms","meta":{},"timestamp":"2022-08-25 10:59:29"}
{"level":"info","message":"GET /share/tgm3KL 200 3ms","meta":{},"timestamp":"2022-08-25 10:59:29"}
{"level":"info","message":"GET /share/tgm3KL 200 3ms","meta":{},"timestamp":"2022-08-25 11:01:34"}
{"level":"info","message":"GET /share/tgm3KL 200 3ms","meta":{},"timestamp":"2022-08-25 11:01:34"}
{"level":"info","message":"GET /share/tgm3KL 200 1ms","meta":{},"timestamp":"2022-08-25 11:02:06"}
{"level":"info","message":"GET /share/tgm3KL 200 1ms","meta":{},"timestamp":"2022-08-25 11:02:42"}
{"level":"info","message":"GET /share/tgm3KL 200 2ms","meta":{},"timestamp":"2022-08-25 11:02:45"}
{"level":"info","message":"GET /share/tgm3KL 200 3ms","meta":{},"timestamp":"2022-08-25 11:02:45"}
{"level":"info","message":"GET /share/tgm3KL 200 2ms","meta":{},"timestamp":"2022-08-25 11:03:12"}
{"level":"info","message":"GET /share/tgm3KL 200 14ms","meta":{},"timestamp":"2022-08-25 11:03:14"}
{"level":"info","message":"GET /share/tgm3KL 200 2ms","meta":{},"timestamp":"2022-08-25 11:03:14"}
{"level":"info","message":"GET /share/tgm3KL 200 2ms","meta":{},"timestamp":"2022-08-25 11:04:02"}
{"level":"info","message":"GET /share/tgm3KL 200 2ms","meta":{},"timestamp":"2022-08-25 11:04:04"}
{"level":"info","message":"GET /share/tgm3KL 200 2ms","meta":{},"timestamp":"2022-08-25 11:04:04"}
{"level":"info","message":"GET /share/tgm3KL 200 2ms","meta":{},"timestamp":"2022-08-25 11:04:10"}
{"level":"info","message":"GET /hi 200 1ms","meta":{},"timestamp":"2022-08-25 11:21:20"}
{"level":"info","message":"GET /hihi 200 1ms","meta":{},"timestamp":"2022-08-25 11:21:25"}
{"level":"info","message":"HEAD /hi! 404 2ms","meta":{},"timestamp":"2022-08-25 11:21:46"}
{"level":"info","message":"GET /hi! 200 2ms","meta":{},"timestamp":"2022-08-25 11:21:46"}
{"level":"info","message":"GET /hi! 200 2ms","meta":{},"timestamp":"2022-08-25 11:21:46"}
{"level":"info","message":"GET /hi! 200 2ms","meta":{},"timestamp":"2022-08-25 11:21:54"}
{"level":"info","message":"GET /hi! 200 2ms","meta":{},"timestamp":"2022-08-25 11:21:54"}
{"level":"info","message":"POST /hi! 200 23ms","meta":{},"timestamp":"2022-08-25 11:21:59"}
{"level":"info","message":"GET /hi! 200 1ms","meta":{},"timestamp":"2022-08-25 11:22:01"}
{"level":"info","message":"GET /hi! 200 2ms","meta":{},"timestamp":"2022-08-25 11:22:01"}
{"level":"info","message":"GET /qaz223 200 1ms","meta":{},"timestamp":"2022-08-25 11:22:02"}
{"level":"info","message":"GET /hi! 200 2ms","meta":{},"timestamp":"2022-08-25 11:22:14"}
{"level":"info","message":"GET /share/9h3zoK 200 2ms","meta":{},"timestamp":"2022-08-25 11:22:35"}
{"level":"info","message":"HEAD /hi! 200 1ms","meta":{},"timestamp":"2022-08-25 11:22:46"}
{"level":"info","message":"HEAD /hihi 404 2ms","meta":{},"timestamp":"2022-08-25 11:22:52"}
{"level":"info","message":"GET /hihi 200 2ms","meta":{},"timestamp":"2022-08-25 11:22:52"}
{"level":"info","message":"GET /hihi 200 1ms","meta":{},"timestamp":"2022-08-25 11:22:52"}
{"level":"info","message":"POST /hihi 200 12ms","meta":{},"timestamp":"2022-08-25 11:23:00"}
{"level":"info","message":"POST /hihi 200 5ms","meta":{},"timestamp":"2022-08-25 11:23:13"}
{"level":"info","message":"GET /hihi 200 1ms","meta":{},"timestamp":"2022-08-25 11:25:47"}
{"level":"info","message":"GET /hihi 200 1ms","meta":{},"timestamp":"2022-08-25 11:25:47"}
{"level":"info","message":"GET /hihi 200 3ms","meta":{},"timestamp":"2022-08-25 11:26:08"}
{"level":"info","message":"GET /hihi 200 3ms","meta":{},"timestamp":"2022-08-25 11:26:08"}
{"level":"info","message":"PUT /hihi 200 7ms","meta":{},"timestamp":"2022-08-25 11:26:50"}
{"level":"info","message":"GET /hihi 200 1ms","meta":{},"timestamp":"2022-08-25 11:27:03"}
{"level":"info","message":"GET /hihi 200 2ms","meta":{},"timestamp":"2022-08-25 11:27:03"}
{"level":"info","message":"GET /hihi 200 2ms","meta":{},"timestamp":"2022-08-25 11:28:25"}
{"level":"info","message":"GET /hihi 200 1ms","meta":{},"timestamp":"2022-08-25 11:28:25"}
{"level":"info","message":"PUT /hihi 200 6ms","meta":{},"timestamp":"2022-08-25 11:28:35"}
{"level":"info","message":"GET /hi! 200 2ms","meta":{},"timestamp":"2022-08-25 11:28:40"}
{"level":"info","message":"GET /hi! 200 2ms","meta":{},"timestamp":"2022-08-25 11:28:40"}
{"level":"info","message":"PUT /hi! 200 19ms","meta":{},"timestamp":"2022-08-25 11:28:51"}
{"level":"info","message":"GET /ha 200 1ms","meta":{},"timestamp":"2022-08-25 11:28:54"}
{"level":"info","message":"GET /ha 200 4ms","meta":{},"timestamp":"2022-08-25 11:28:54"}
{"level":"info","message":"POST /ha 200 26ms","meta":{},"timestamp":"2022-08-25 11:29:02"}
{"level":"info","message":"POST /ha 200 4ms","meta":{},"timestamp":"2022-08-25 11:29:14"}
{"level":"info","message":"GET /ha 200 1ms","meta":{},"timestamp":"2022-08-25 11:29:55"}
{"level":"info","message":"GET /ha 200 2ms","meta":{},"timestamp":"2022-08-25 11:29:55"}
{"level":"info","message":"GET /ha 200 1ms","meta":{},"timestamp":"2022-08-25 11:30:30"}
{"level":"info","message":"GET /ha 200 2ms","meta":{},"timestamp":"2022-08-25 11:30:34"}
{"level":"info","message":"GET /ha 200 1ms","meta":{},"timestamp":"2022-08-25 11:30:34"}
{"level":"info","message":"GET /h 200 2ms","meta":{},"timestamp":"2022-08-25 11:30:49"}
{"level":"info","message":"GET /h 200 2ms","meta":{},"timestamp":"2022-08-25 11:30:49"}
{"level":"info","message":"POST /h 200 20ms","meta":{},"timestamp":"2022-08-25 11:30:56"}
{"level":"info","message":"POST /h 200 7ms","meta":{},"timestamp":"2022-08-25 11:31:05"}
{"level":"info","message":"GET /share/KY5Qel 200 2ms","meta":{},"timestamp":"2022-08-25 11:31:05"}
{"level":"info","message":"GET /share/KY5Qel 200 2ms","meta":{},"timestamp":"2022-08-25 11:31:05"}
{"level":"info","message":"GET /h 200 1ms","meta":{},"timestamp":"2022-08-25 11:35:24"}
{"level":"info","message":"GET /h 200 1ms","meta":{},"timestamp":"2022-08-25 11:35:24"}
{"level":"info","message":"GET /40 200 1ms","meta":{},"timestamp":"2022-08-25 11:35:28"}
{"level":"info","message":"GET /40 200 2ms","meta":{},"timestamp":"2022-08-25 11:35:28"}
{"level":"info","message":"GET /ho 200 1ms","meta":{},"timestamp":"2022-08-25 11:35:34"}
{"level":"info","message":"GET /ho 200 2ms","meta":{},"timestamp":"2022-08-25 11:35:34"}
{"level":"info","message":"GET /hoo 200 2ms","meta":{},"timestamp":"2022-08-25 11:35:37"}
{"level":"info","message":"GET /hoo 200 1ms","meta":{},"timestamp":"2022-08-25 11:35:37"}
{"level":"info","message":"HEAD /g9BXaF 404 3ms","meta":{},"timestamp":"2022-08-25 11:35:44"}
{"level":"info","message":"GET /g9BXaF 200 2ms","meta":{},"timestamp":"2022-08-25 11:35:44"}
{"level":"info","message":"GET /g9BXaF 200 1ms","meta":{},"timestamp":"2022-08-25 11:35:44"}
{"level":"info","message":"GET /hihi 200 2ms","meta":{},"timestamp":"2022-08-25 11:35:52"}
{"level":"info","message":"GET /hihi 200 3ms","meta":{},"timestamp":"2022-08-25 11:35:52"}
{"level":"info","message":"GET /hihi 200 2ms","meta":{},"timestamp":"2022-08-25 11:41:30"}
{"level":"info","message":"GET /hihi 200 1ms","meta":{},"timestamp":"2022-08-25 11:41:30"}
{"level":"info","message":"HEAD /hihi 200 2ms","meta":{},"timestamp":"2022-08-25 11:41:55"}
{"level":"info","message":"HEAD /hihi 200 2ms","meta":{},"timestamp":"2022-08-25 11:42:05"}
{"level":"info","message":"GET /hihi 200 2ms","meta":{},"timestamp":"2022-08-25 11:43:04"}
{"level":"info","message":"GET /hihi 200 1ms","meta":{},"timestamp":"2022-08-25 11:43:04"}
{"level":"info","message":"GET /hihi 200 3ms","meta":{},"timestamp":"2022-08-25 11:43:17"}
{"level":"info","message":"GET /hihi 200 2ms","meta":{},"timestamp":"2022-08-25 11:43:17"}
{"level":"info","message":"GET /lll 200 2ms","meta":{},"timestamp":"2022-08-25 11:44:58"}
{"level":"info","message":"GET /lll 200 2ms","meta":{},"timestamp":"2022-08-25 11:44:58"}
{"level":"info","message":"HEAD /lll 404 2ms","meta":{},"timestamp":"2022-08-25 11:45:04"}
{"level":"info","message":"GET /lll 200 2ms","meta":{},"timestamp":"2022-08-25 11:45:58"}
{"level":"info","message":"GET /lll 200 3ms","meta":{},"timestamp":"2022-08-25 11:45:58"}
{"level":"info","message":"HEAD /lll 404 2ms","meta":{},"timestamp":"2022-08-25 11:46:02"}
{"level":"info","message":"HEAD /lll 404 2ms","meta":{},"timestamp":"2022-08-25 11:46:51"}
{"level":"info","message":"GET /lll 200 1ms","meta":{},"timestamp":"2022-08-25 11:46:52"}
{"level":"info","message":"GET /lll 200 2ms","meta":{},"timestamp":"2022-08-25 11:46:52"}
{"level":"info","message":"GET /lll 200 2ms","meta":{},"timestamp":"2022-08-25 11:47:27"}
{"level":"info","message":"GET /lll 200 2ms","meta":{},"timestamp":"2022-08-25 11:47:27"}
{"level":"info","message":"GET /lll 200 3ms","meta":{},"timestamp":"2022-08-25 11:47:48"}
{"level":"info","message":"GET /lll 200 2ms","meta":{},"timestamp":"2022-08-25 11:47:48"}
{"level":"info","message":"GET /lll 200 2ms","meta":{},"timestamp":"2022-08-25 11:48:21"}
{"level":"info","message":"GET /lll 200 2ms","meta":{},"timestamp":"2022-08-25 11:48:21"}
{"level":"info","message":"GET /lll 200 1ms","meta":{},"timestamp":"2022-08-25 11:49:10"}
{"level":"info","message":"GET /lll 200 1ms","meta":{},"timestamp":"2022-08-25 11:49:10"}
{"level":"info","message":"GET /lll 200 1ms","meta":{},"timestamp":"2022-08-25 11:49:51"}
{"level":"info","message":"GET /lll 200 2ms","meta":{},"timestamp":"2022-08-25 11:49:51"}
{"level":"info","message":"GET /lll 200 2ms","meta":{},"timestamp":"2022-08-25 11:50:11"}
{"level":"info","message":"GET /lll 200 2ms","meta":{},"timestamp":"2022-08-25 11:50:11"}
{"level":"info","message":"GET /lll 200 2ms","meta":{},"timestamp":"2022-08-25 11:51:06"}
{"level":"info","message":"GET /lll 200 1ms","meta":{},"timestamp":"2022-08-25 11:51:06"}
{"level":"info","message":"GET /lll 200 1ms","meta":{},"timestamp":"2022-08-25 11:51:36"}
{"level":"info","message":"GET /lll 200 1ms","meta":{},"timestamp":"2022-08-25 11:51:36"}
{"level":"info","message":"GET /lll 200 1ms","meta":{},"timestamp":"2022-08-25 12:09:30"}
{"level":"info","message":"GET /lll 200 1ms","meta":{},"timestamp":"2022-08-25 12:09:30"}
{"level":"info","message":"GET /lll 200 2ms","meta":{},"timestamp":"2022-08-25 12:09:56"}
{"level":"info","message":"GET /lll 200 1ms","meta":{},"timestamp":"2022-08-25 12:09:56"}
{"level":"info","message":"GET /lll 200 2ms","meta":{},"timestamp":"2022-08-25 12:10:09"}
{"level":"info","message":"GET /lll 200 1ms","meta":{},"timestamp":"2022-08-25 12:10:10"}
{"level":"info","message":"GET /lll 200 2ms","meta":{},"timestamp":"2022-08-25 12:10:38"}
{"level":"info","message":"GET /lll 200 1ms","meta":{},"timestamp":"2022-08-25 12:10:38"}
{"level":"info","message":"GET /lll 200 1ms","meta":{},"timestamp":"2022-08-25 12:11:00"}
{"level":"info","message":"GET /lll 200 2ms","meta":{},"timestamp":"2022-08-25 12:11:00"}
{"level":"info","message":"GET /lll 200 2ms","meta":{},"timestamp":"2022-08-25 12:11:57"}
{"level":"info","message":"GET /lll 200 1ms","meta":{},"timestamp":"2022-08-25 12:11:57"}
{"level":"info","message":"GET /lll 200 1ms","meta":{},"timestamp":"2022-08-25 12:12:30"}
{"level":"info","message":"GET /lll 200 1ms","meta":{},"timestamp":"2022-08-25 12:12:30"}
{"level":"info","message":"GET /lll 200 3ms","meta":{},"timestamp":"2022-08-25 12:14:25"}
{"level":"info","message":"GET /lll 200 2ms","meta":{},"timestamp":"2022-08-25 12:14:25"}
{"level":"info","message":"GET /lll 200 2ms","meta":{},"timestamp":"2022-08-25 12:15:14"}
{"level":"info","message":"GET /lll 200 2ms","meta":{},"timestamp":"2022-08-25 12:15:14"}
{"level":"info","message":"GET /lll 200 2ms","meta":{},"timestamp":"2022-08-25 12:15:29"}
{"level":"info","message":"GET /lll 200 3ms","meta":{},"timestamp":"2022-08-25 12:15:29"}
{"level":"info","message":"GET /lll 200 1ms","meta":{},"timestamp":"2022-08-25 12:19:38"}
{"level":"info","message":"GET /lll 200 1ms","meta":{},"timestamp":"2022-08-25 12:19:38"}
{"level":"info","message":"GET /lll 200 1ms","meta":{},"timestamp":"2022-08-25 12:19:54"}
{"level":"info","message":"GET /lll 200 1ms","meta":{},"timestamp":"2022-08-25 12:19:54"}
{"level":"info","message":"GET /lll 200 2ms","meta":{},"timestamp":"2022-08-25 12:21:30"}
{"level":"info","message":"GET /lll 200 2ms","meta":{},"timestamp":"2022-08-25 12:21:30"}
{"level":"info","message":"GET /lll 200 2ms","meta":{},"timestamp":"2022-08-25 12:21:48"}
{"level":"info","message":"GET /lll 200 1ms","meta":{},"timestamp":"2022-08-25 12:21:48"}
{"level":"info","message":"GET /lll 200 2ms","meta":{},"timestamp":"2022-08-25 12:22:06"}
{"level":"info","message":"GET /lll 200 1ms","meta":{},"timestamp":"2022-08-25 12:22:06"}
{"level":"info","message":"GET /lll 200 2ms","meta":{},"timestamp":"2022-08-25 12:22:46"}
{"level":"info","message":"GET /lll 200 1ms","meta":{},"timestamp":"2022-08-25 12:22:46"}
{"level":"info","message":"GET /lll 200 2ms","meta":{},"timestamp":"2022-08-25 12:22:47"}
{"level":"info","message":"GET /lll 200 2ms","meta":{},"timestamp":"2022-08-25 12:22:47"}
{"level":"info","message":"GET /lll 200 2ms","meta":{},"timestamp":"2022-08-25 12:24:53"}
{"level":"info","message":"GET /lll 200 2ms","meta":{},"timestamp":"2022-08-25 12:24:53"}
{"level":"info","message":"GET /lll 200 2ms","meta":{},"timestamp":"2022-08-25 12:28:06"}
{"level":"info","message":"GET /lll 200 1ms","meta":{},"timestamp":"2022-08-25 12:28:06"}
{"level":"info","message":"GET /lll 200 2ms","meta":{},"timestamp":"2022-08-25 12:28:09"}
{"level":"info","message":"GET /lll 200 1ms","meta":{},"timestamp":"2022-08-25 12:28:09"}
{"level":"info","message":"GET /lll 200 1ms","meta":{},"timestamp":"2022-08-25 12:28:39"}
{"level":"info","message":"GET /lll 200 3ms","meta":{},"timestamp":"2022-08-25 12:28:39"}
{"level":"info","message":"GET /lll 200 2ms","meta":{},"timestamp":"2022-08-25 12:30:17"}
{"level":"info","message":"GET /lll 200 1ms","meta":{},"timestamp":"2022-08-25 12:30:17"}
{"level":"info","message":"GET /lll 200 1ms","meta":{},"timestamp":"2022-08-25 13:58:32"}
{"level":"info","message":"GET /lll 200 2ms","meta":{},"timestamp":"2022-08-25 13:58:32"}
{"level":"info","message":"GET /lll 200 1ms","meta":{},"timestamp":"2022-08-25 13:59:03"}
{"level":"info","message":"GET /lll 200 1ms","meta":{},"timestamp":"2022-08-25 13:59:03"}
{"level":"info","message":"GET /lll 200 1ms","meta":{},"timestamp":"2022-08-25 13:59:35"}
{"level":"info","message":"GET /lll 200 1ms","meta":{},"timestamp":"2022-08-25 13:59:35"}
{"level":"info","message":"GET /lll 200 2ms","meta":{},"timestamp":"2022-08-25 14:00:48"}
{"level":"info","message":"GET /lll 200 2ms","meta":{},"timestamp":"2022-08-25 14:00:48"}
{"level":"info","message":"GET /lll 200 6ms","meta":{},"timestamp":"2022-08-25 14:04:40"}
{"level":"info","message":"GET /lll 200 1ms","meta":{},"timestamp":"2022-08-25 14:04:40"}
{"level":"info","message":"HEAD /lll 404 5ms","meta":{},"timestamp":"2022-08-25 14:04:50"}
{"level":"info","message":"GET /lll 200 2ms","meta":{},"timestamp":"2022-08-25 14:05:08"}
{"level":"info","message":"GET /lll 200 3ms","meta":{},"timestamp":"2022-08-25 14:05:08"}
{"level":"info","message":"GET /hihi 200 4ms","meta":{},"timestamp":"2022-08-25 14:05:14"}
{"level":"info","message":"GET /hihi 200 3ms","meta":{},"timestamp":"2022-08-25 14:05:14"}
{"level":"info","message":"HEAD /hihi 200 3ms","meta":{},"timestamp":"2022-08-25 14:05:32"}
{"level":"info","message":"HEAD /hii 404 3ms","meta":{},"timestamp":"2022-08-25 14:05:32"}
{"level":"info","message":"PUT /hihi 200 105ms","meta":{},"timestamp":"2022-08-25 14:05:32"}
{"level":"info","message":"GET /hii 200 2ms","meta":{},"timestamp":"2022-08-25 14:05:32"}
{"level":"info","message":"GET /share/9y94nJ 200 5ms","meta":{},"timestamp":"2022-08-25 14:05:42"}
{"level":"info","message":"GET /share/9y94nJ 200 3ms","meta":{},"timestamp":"2022-08-25 14:05:42"}
{"level":"info","message":"DELETE /page/password 200 5ms","meta":{},"timestamp":"2022-08-25 14:06:10"}
{"level":"info","message":"GET /hii 200 5ms","meta":{},"timestamp":"2022-08-25 14:06:12"}
{"level":"info","message":"GET /hii 200 2ms","meta":{},"timestamp":"2022-08-25 14:06:13"}
{"level":"info","message":"HEAD /hii 200 4ms","meta":{},"timestamp":"2022-08-25 14:06:16"}
{"level":"info","message":"POST /page/password 200 106ms","meta":{},"timestamp":"2022-08-25 14:06:19"}
{"level":"info","message":"DELETE /page/password 200 87ms","meta":{},"timestamp":"2022-08-25 14:06:33"}
{"level":"info","message":"GET /hii 200 62ms","meta":{},"timestamp":"2022-08-25 14:14:05"}
{"level":"info","message":"GET /hii 200 61ms","meta":{},"timestamp":"2022-08-25 14:14:05"}
{"level":"info","message":"GET /iii 200 1ms","meta":{},"timestamp":"2022-08-25 14:14:12"}
{"level":"info","message":"GET /iii 200 2ms","meta":{},"timestamp":"2022-08-25 14:14:12"}
{"level":"info","message":"HEAD /iii 404 2ms","meta":{},"timestamp":"2022-08-25 14:14:21"}
{"level":"info","message":"GET /iii 200 1ms","meta":{},"timestamp":"2022-08-25 14:21:45"}
{"level":"info","message":"GET /iii 200 1ms","meta":{},"timestamp":"2022-08-25 14:21:45"}
{"level":"info","message":"GET /iii 200 1ms","meta":{},"timestamp":"2022-08-25 14:21:52"}
{"level":"info","message":"GET /iii 200 1ms","meta":{},"timestamp":"2022-08-25 14:21:54"}
{"level":"info","message":"GET /iii 200 2ms","meta":{},"timestamp":"2022-08-25 14:21:54"}
{"level":"info","message":"GET /hii 200 72ms","meta":{},"timestamp":"2022-08-25 14:22:06"}
{"level":"info","message":"GET /hii 200 62ms","meta":{},"timestamp":"2022-08-25 14:22:06"}
{"level":"info","message":"GET /hii 200 84ms","meta":{},"timestamp":"2022-08-25 14:22:13"}
{"level":"info","message":"GET /iii 200 2ms","meta":{},"timestamp":"2022-08-25 14:23:02"}
{"level":"info","message":"GET /iii 200 2ms","meta":{},"timestamp":"2022-08-25 14:23:44"}
{"level":"info","message":"GET /iii 200 2ms","meta":{},"timestamp":"2022-08-25 14:23:58"}
{"level":"info","message":"GET /iii 200 1ms","meta":{},"timestamp":"2022-08-25 14:23:58"}
{"level":"info","message":"GET /hii 200 92ms","meta":{},"timestamp":"2022-08-25 14:24:12"}
{"level":"info","message":"GET /hii 200 86ms","meta":{},"timestamp":"2022-08-25 14:24:12"}
{"level":"info","message":"POST /iii 200 28ms","meta":{},"timestamp":"2022-08-25 14:24:23"}
{"level":"info","message":"GET /iii 200 2ms","meta":{},"timestamp":"2022-08-25 14:24:27"}
{"level":"info","message":"GET /iii 200 2ms","meta":{},"timestamp":"2022-08-25 14:24:27"}
{"level":"info","message":"GET /iii 200 2ms","meta":{},"timestamp":"2022-08-25 14:25:35"}
{"level":"info","message":"GET /iii 200 2ms","meta":{},"timestamp":"2022-08-25 14:25:37"}
{"level":"info","message":"GET /iii 200 2ms","meta":{},"timestamp":"2022-08-25 14:25:37"}
{"level":"info","message":"HEAD /iii 200 2ms","meta":{},"timestamp":"2022-08-25 14:25:44"}
{"level":"info","message":"DELETE /iii 200 9ms","meta":{},"timestamp":"2022-08-25 14:25:44"}
{"level":"info","message":"HEAD /1234 404 3ms","meta":{},"timestamp":"2022-08-25 14:25:50"}
{"level":"info","message":"GET /1234 200 1ms","meta":{},"timestamp":"2022-08-25 14:25:50"}
{"level":"info","message":"GET /1234 200 2ms","meta":{},"timestamp":"2022-08-25 14:25:50"}
{"level":"info","message":"POST /1234 200 18ms","meta":{},"timestamp":"2022-08-25 14:25:58"}
{"level":"info","message":"GET /12345 200 2ms","meta":{},"timestamp":"2022-08-25 14:26:58"}
{"level":"info","message":"GET /12345 200 1ms","meta":{},"timestamp":"2022-08-25 14:26:58"}
{"level":"info","message":"GET /12345 200 3ms","meta":{},"timestamp":"2022-08-25 14:28:34"}
{"level":"info","message":"GET /12345 200 2ms","meta":{},"timestamp":"2022-08-25 14:28:34"}
{"level":"info","message":"GET /1234 200 2ms","meta":{},"timestamp":"2022-08-25 14:28:37"}
{"level":"info","message":"GET /1234 200 2ms","meta":{},"timestamp":"2022-08-25 14:28:39"}
{"level":"info","message":"GET /1234 200 2ms","meta":{},"timestamp":"2022-08-25 14:28:39"}
{"level":"info","message":"GET /1234 200 2ms","meta":{},"timestamp":"2022-08-25 14:32:21"}
{"level":"info","message":"GET /1234 200 1ms","meta":{},"timestamp":"2022-08-25 14:32:21"}
{"level":"info","message":"GET /1234 200 1ms","meta":{},"timestamp":"2022-08-25 14:33:15"}
{"level":"info","message":"GET /1234 200 2ms","meta":{},"timestamp":"2022-08-25 14:33:15"}
{"level":"info","message":"GET /1234 200 2ms","meta":{},"timestamp":"2022-08-25 14:34:13"}
{"level":"info","message":"GET /1234 200 2ms","meta":{},"timestamp":"2022-08-25 14:34:13"}
{"level":"info","message":"GET /1234 200 2ms","meta":{},"timestamp":"2022-08-25 14:36:03"}
{"level":"info","message":"GET /1234 200 2ms","meta":{},"timestamp":"2022-08-25 14:36:03"}
{"level":"info","message":"GET /1234 200 2ms","meta":{},"timestamp":"2022-08-25 14:36:56"}
{"level":"info","message":"GET /1234 200 2ms","meta":{},"timestamp":"2022-08-25 14:36:56"}
{"level":"info","message":"GET /1234 200 1ms","meta":{},"timestamp":"2022-08-25 14:37:35"}
{"level":"info","message":"GET /1234 200 2ms","meta":{},"timestamp":"2022-08-25 14:37:35"}
{"level":"info","message":"GET /1234 200 1ms","meta":{},"timestamp":"2022-08-25 14:37:54"}
{"level":"info","message":"GET /1234 200 1ms","meta":{},"timestamp":"2022-08-25 14:37:54"}
{"level":"info","message":"GET /1234 200 1ms","meta":{},"timestamp":"2022-08-25 14:38:30"}
{"level":"info","message":"GET /1234 200 1ms","meta":{},"timestamp":"2022-08-25 14:38:30"}
{"level":"info","message":"GET /hii 200 86ms","meta":{},"timestamp":"2022-08-25 14:38:39"}
{"level":"info","message":"GET /hii 200 83ms","meta":{},"timestamp":"2022-08-25 14:38:39"}
{"level":"info","message":"GET /hii 200 63ms","meta":{},"timestamp":"2022-08-25 14:39:12"}
{"level":"info","message":"GET /hii 200 61ms","meta":{},"timestamp":"2022-08-25 14:39:12"}
{"level":"info","message":"GET /hii 200 61ms","meta":{},"timestamp":"2022-08-25 14:39:13"}
{"level":"info","message":"GET /hii 200 66ms","meta":{},"timestamp":"2022-08-25 14:39:13"}
{"level":"info","message":"GET /hii 200 62ms","meta":{},"timestamp":"2022-08-25 14:44:33"}
{"level":"info","message":"GET /hii 200 62ms","meta":{},"timestamp":"2022-08-25 14:44:33"}
{"level":"info","message":"GET /hii 200 103ms","meta":{},"timestamp":"2022-08-25 14:44:47"}
{"level":"info","message":"GET /hii 200 88ms","meta":{},"timestamp":"2022-08-25 14:44:47"}
{"level":"info","message":"GET /hii 200 62ms","meta":{},"timestamp":"2022-08-25 14:45:15"}
{"level":"info","message":"GET /hii 200 61ms","meta":{},"timestamp":"2022-08-25 14:45:15"}
{"level":"info","message":"GET /hii 200 88ms","meta":{},"timestamp":"2022-08-25 14:45:21"}
{"level":"info","message":"GET /hii 200 85ms","meta":{},"timestamp":"2022-08-25 14:45:21"}
{"level":"info","message":"GET /hii 200 82ms","meta":{},"timestamp":"2022-08-25 14:45:24"}
{"level":"info","message":"GET /hii 200 86ms","meta":{},"timestamp":"2022-08-25 14:45:26"}
{"level":"info","message":"GET /hii 200 85ms","meta":{},"timestamp":"2022-08-25 14:45:26"}
{"level":"info","message":"GET /hii 200 86ms","meta":{},"timestamp":"2022-08-25 14:45:29"}
{"level":"info","message":"GET /hii 200 84ms","meta":{},"timestamp":"2022-08-25 14:45:29"}
{"level":"info","message":"GET /hii 200 67ms","meta":{},"timestamp":"2022-08-25 14:47:11"}
{"level":"info","message":"GET /hii 200 60ms","meta":{},"timestamp":"2022-08-25 14:47:11"}
{"level":"info","message":"GET /hii 200 73ms","meta":{},"timestamp":"2022-08-25 14:47:37"}
{"level":"info","message":"GET /hii 200 84ms","meta":{},"timestamp":"2022-08-25 14:47:37"}
{"level":"info","message":"GET /hii 200 85ms","meta":{},"timestamp":"2022-08-25 14:47:46"}
{"level":"info","message":"GET /hii 200 89ms","meta":{},"timestamp":"2022-08-25 14:47:46"}
{"level":"info","message":"GET /hii 200 64ms","meta":{},"timestamp":"2022-08-25 14:47:52"}
{"level":"info","message":"GET /hii 200 61ms","meta":{},"timestamp":"2022-08-25 14:47:52"}
{"level":"info","message":"GET /hii 200 62ms","meta":{},"timestamp":"2022-08-25 14:48:45"}
{"level":"info","message":"GET /hii 200 63ms","meta":{},"timestamp":"2022-08-25 14:48:45"}
{"level":"info","message":"GET /hii 200 65ms","meta":{},"timestamp":"2022-08-25 14:49:36"}
{"level":"info","message":"GET /hii 200 60ms","meta":{},"timestamp":"2022-08-25 14:49:36"}
{"level":"info","message":"GET /hii 200 68ms","meta":{},"timestamp":"2022-08-25 14:50:17"}
{"level":"info","message":"GET /hii 200 63ms","meta":{},"timestamp":"2022-08-25 14:50:18"}
{"level":"info","message":"GET /hii 200 63ms","meta":{},"timestamp":"2022-08-25 14:53:33"}
{"level":"info","message":"GET /hii 200 67ms","meta":{},"timestamp":"2022-08-25 14:53:33"}
{"level":"info","message":"GET /hii 200 60ms","meta":{},"timestamp":"2022-08-25 14:53:35"}
{"level":"info","message":"GET /hii 200 64ms","meta":{},"timestamp":"2022-08-25 14:53:35"}
{"level":"info","message":"GET /hii 200 81ms","meta":{},"timestamp":"2022-08-25 14:53:56"}
{"level":"info","message":"GET /hii 200 63ms","meta":{},"timestamp":"2022-08-25 14:54:38"}
{"level":"info","message":"GET /hii 200 63ms","meta":{},"timestamp":"2022-08-25 14:54:38"}
{"level":"info","message":"GET /hii 200 87ms","meta":{},"timestamp":"2022-08-25 14:54:48"}
{"level":"info","message":"GET /hii 200 87ms","meta":{},"timestamp":"2022-08-25 14:54:49"}
{"level":"info","message":"GET /hii 200 79ms","meta":{},"timestamp":"2022-08-25 14:54:51"}
{"level":"info","message":"GET /hii 200 70ms","meta":{},"timestamp":"2022-08-25 15:14:51"}
{"level":"info","message":"GET /hii 200 60ms","meta":{},"timestamp":"2022-08-25 15:14:52"}
{"level":"info","message":"GET /hii 200 61ms","meta":{},"timestamp":"2022-08-25 15:14:54"}
{"level":"info","message":"GET /hii 200 62ms","meta":{},"timestamp":"2022-08-25 15:14:54"}
{"level":"info","message":"GET /hii 200 61ms","meta":{},"timestamp":"2022-08-25 15:16:28"}
{"level":"info","message":"GET /hii 200 62ms","meta":{},"timestamp":"2022-08-25 15:16:28"}
{"level":"info","message":"DELETE /hii 200 103ms","meta":{},"timestamp":"2022-08-25 15:16:36"}
{"level":"info","message":"GET /1234 200 2ms","meta":{},"timestamp":"2022-08-25 15:17:11"}
{"level":"info","message":"GET /1234 200 2ms","meta":{},"timestamp":"2022-08-25 15:17:11"}
{"level":"info","message":"GET /1234 200 2ms","meta":{},"timestamp":"2022-08-25 15:18:45"}
{"level":"info","message":"GET /1234 200 2ms","meta":{},"timestamp":"2022-08-25 15:18:45"}
{"level":"info","message":"GET /1234 200 3ms","meta":{},"timestamp":"2022-08-25 15:19:12"}
{"level":"info","message":"GET /1234 200 2ms","meta":{},"timestamp":"2022-08-25 15:19:12"}
{"level":"info","message":"GET /1234 200 2ms","meta":{},"timestamp":"2022-08-25 15:19:36"}
{"level":"info","message":"GET /1234 200 1ms","meta":{},"timestamp":"2022-08-25 15:19:36"}
{"level":"info","message":"GET /1234 200 2ms","meta":{},"timestamp":"2022-08-25 15:19:36"}
{"level":"info","message":"GET /1234 200 2ms","meta":{},"timestamp":"2022-08-25 15:19:36"}
{"level":"info","message":"GET /1234 200 2ms","meta":{},"timestamp":"2022-08-25 15:22:22"}
{"level":"info","message":"GET /1234 200 1ms","meta":{},"timestamp":"2022-08-25 15:22:22"}
{"level":"info","message":"GET /1234 200 1ms","meta":{},"timestamp":"2022-08-25 15:22:57"}
{"level":"info","message":"GET /1234 200 30ms","meta":{},"timestamp":"2022-08-25 15:22:57"}
{"level":"info","message":"GET /1234 200 2ms","meta":{},"timestamp":"2022-08-25 15:23:35"}
{"level":"info","message":"GET /1234 200 2ms","meta":{},"timestamp":"2022-08-25 15:23:35"}
{"level":"info","message":"GET /1234 200 3ms","meta":{},"timestamp":"2022-08-25 15:23:45"}
{"level":"info","message":"GET /1234 200 3ms","meta":{},"timestamp":"2022-08-25 15:23:45"}
{"level":"info","message":"GET /1234 200 2ms","meta":{},"timestamp":"2022-08-25 15:24:50"}
{"level":"info","message":"GET /1234 200 1ms","meta":{},"timestamp":"2022-08-25 15:24:50"}
{"level":"info","message":"GET /1234 200 1ms","meta":{},"timestamp":"2022-08-25 15:25:14"}
{"level":"info","message":"GET /1234 200 2ms","meta":{},"timestamp":"2022-08-25 15:25:14"}
{"level":"info","message":"GET /1234 200 1ms","meta":{},"timestamp":"2022-08-25 15:25:30"}
{"level":"info","message":"GET /1234 200 2ms","meta":{},"timestamp":"2022-08-25 15:25:30"}
{"level":"info","message":"GET /1234 200 2ms","meta":{},"timestamp":"2022-08-25 15:26:43"}
{"level":"info","message":"GET /1234 200 1ms","meta":{},"timestamp":"2022-08-25 15:26:43"}
{"level":"info","message":"POST /page/password 200 86ms","meta":{},"timestamp":"2022-08-25 15:26:57"}
{"level":"info","message":"GET /1234 200 87ms","meta":{},"timestamp":"2022-08-25 15:27:03"}
{"level":"info","message":"GET /1234 200 87ms","meta":{},"timestamp":"2022-08-25 15:27:03"}
{"level":"info","message":"GET /1234 200 85ms","meta":{},"timestamp":"2022-08-25 15:27:16"}
{"level":"info","message":"GET /1234 200 85ms","meta":{},"timestamp":"2022-08-25 15:27:16"}
{"level":"info","message":"GET /1234 200 85ms","meta":{},"timestamp":"2022-08-25 15:27:22"}
{"level":"info","message":"GET /1234 200 87ms","meta":{},"timestamp":"2022-08-25 15:27:25"}
{"level":"info","message":"GET /1234 200 82ms","meta":{},"timestamp":"2022-08-25 15:27:26"}
{"level":"info","message":"GET /1234 200 61ms","meta":{},"timestamp":"2022-08-25 15:28:30"}
{"level":"info","message":"GET /1234 200 87ms","meta":{},"timestamp":"2022-08-25 15:28:43"}
{"level":"info","message":"GET /1234 200 81ms","meta":{},"timestamp":"2022-08-25 15:28:45"}
{"level":"info","message":"GET /1234 200 69ms","meta":{},"timestamp":"2022-08-25 15:29:04"}
{"level":"info","message":"GET /1234 200 61ms","meta":{},"timestamp":"2022-08-25 15:29:04"}
{"level":"info","message":"GET /1234 200 184ms","meta":{},"timestamp":"2022-08-25 15:29:11"}
{"level":"info","message":"GET /1234 200 86ms","meta":{},"timestamp":"2022-08-25 15:29:11"}
{"level":"info","message":"GET /1234 200 77ms","meta":{},"timestamp":"2022-08-25 15:29:23"}
{"level":"info","message":"GET /1234 200 82ms","meta":{},"timestamp":"2022-08-25 15:29:27"}
{"level":"info","message":"GET /1234 200 86ms","meta":{},"timestamp":"2022-08-25 15:29:29"}
{"level":"info","message":"GET /1234 200 85ms","meta":{},"timestamp":"2022-08-25 15:31:31"}
{"level":"info","message":"GET /1234 200 88ms","meta":{},"timestamp":"2022-08-25 15:31:33"}
{"level":"info","message":"GET /1234 200 84ms","meta":{},"timestamp":"2022-08-25 15:31:33"}
{"level":"info","message":"HEAD /1234 200 3ms","meta":{},"timestamp":"2022-08-25 15:31:46"}
{"level":"info","message":"HEAD /1233 404 2ms","meta":{},"timestamp":"2022-08-25 15:31:46"}
{"level":"info","message":"PUT /1234 200 90ms","meta":{},"timestamp":"2022-08-25 15:31:46"}
{"level":"info","message":"GET /1233 200 83ms","meta":{},"timestamp":"2022-08-25 15:31:46"}
{"level":"info","message":"GET /1233 200 86ms","meta":{},"timestamp":"2022-08-25 15:32:43"}
{"level":"info","message":"GET /1233 200 87ms","meta":{},"timestamp":"2022-08-25 15:34:05"}
{"level":"info","message":"GET /1233 200 86ms","meta":{},"timestamp":"2022-08-25 15:34:33"}
{"level":"info","message":"GET /1233 200 86ms","meta":{},"timestamp":"2022-08-25 15:34:37"}
{"level":"info","message":"GET /1233 200 84ms","meta":{},"timestamp":"2022-08-25 15:34:45"}
{"level":"info","message":"GET /1233 200 61ms","meta":{},"timestamp":"2022-08-25 15:35:12"}
{"level":"info","message":"GET /1233 200 60ms","meta":{},"timestamp":"2022-08-25 15:35:12"}
{"level":"info","message":"GET /1233 200 85ms","meta":{},"timestamp":"2022-08-25 15:35:18"}
{"level":"info","message":"GET /1233 200 62ms","meta":{},"timestamp":"2022-08-25 15:36:01"}
{"level":"info","message":"GET /1233 200 61ms","meta":{},"timestamp":"2022-08-25 15:36:02"}
{"level":"info","message":"DELETE /page/password 200 82ms","meta":{},"timestamp":"2022-08-25 15:36:09"}
{"level":"info","message":"GET /1233 200 2ms","meta":{},"timestamp":"2022-08-25 15:36:15"}
{"level":"info","message":"GET /1233 200 2ms","meta":{},"timestamp":"2022-08-25 15:36:15"}
{"level":"info","message":"POST /page/password 200 82ms","meta":{},"timestamp":"2022-08-25 15:36:23"}
{"level":"info","message":"GET /1233 200 89ms","meta":{},"timestamp":"2022-08-25 15:36:26"}
{"level":"info","message":"GET /1233 200 82ms","meta":{},"timestamp":"2022-08-25 15:36:26"}
{"level":"info","message":"HEAD /1233 200 2ms","meta":{},"timestamp":"2022-08-25 15:36:36"}
{"level":"info","message":"HEAD /1234 404 2ms","meta":{},"timestamp":"2022-08-25 15:36:36"}
{"level":"info","message":"PUT /1233 200 100ms","meta":{},"timestamp":"2022-08-25 15:36:36"}
{"level":"info","message":"GET /1234 200 83ms","meta":{},"timestamp":"2022-08-25 15:36:36"}
{"level":"info","message":"DELETE /1234 200 94ms","meta":{},"timestamp":"2022-08-25 15:36:56"}
{"level":"info","message":"GET /1234 200 1ms","meta":{},"timestamp":"2022-08-25 15:37:25"}
{"level":"info","message":"GET /1234 200 2ms","meta":{},"timestamp":"2022-08-25 15:37:25"}
{"level":"info","message":"GET /1234 200 2ms","meta":{},"timestamp":"2022-08-25 15:37:31"}
{"level":"info","message":"GET /1234 200 2ms","meta":{},"timestamp":"2022-08-25 15:37:31"}
{"level":"info","message":"POST /1234 200 26ms","meta":{},"timestamp":"2022-08-25 15:37:36"}
{"level":"info","message":"GET /1234 200 2ms","meta":{},"timestamp":"2022-08-25 15:37:52"}
{"level":"info","message":"GET /1234 200 2ms","meta":{},"timestamp":"2022-08-25 15:37:52"}
{"level":"info","message":"DELETE /page/password 200 2ms","meta":{},"timestamp":"2022-08-25 15:38:02"}
{"level":"info","message":"GET /1234 200 2ms","meta":{},"timestamp":"2022-08-25 15:38:12"}
{"level":"info","message":"GET /1234 200 2ms","meta":{},"timestamp":"2022-08-25 15:38:12"}
{"level":"info","message":"POST /page/password 200 84ms","meta":{},"timestamp":"2022-08-25 15:38:18"}
{"level":"info","message":"DELETE /page/password 200 83ms","meta":{},"timestamp":"2022-08-25 15:38:26"}
{"level":"info","message":"GET /111 200 2ms","meta":{},"timestamp":"2022-08-25 15:38:32"}
{"level":"info","message":"GET /111 200 2ms","meta":{},"timestamp":"2022-08-25 15:38:32"}
{"level":"info","message":"POST /111 200 17ms","meta":{},"timestamp":"2022-08-25 15:38:38"}
{"level":"info","message":"POST /page/password 200 86ms","meta":{},"timestamp":"2022-08-25 15:38:44"}
{"level":"info","message":"DELETE /page/password 200 85ms","meta":{},"timestamp":"2022-08-25 15:38:51"}
{"level":"info","message":"DELETE /111 200 91ms","meta":{},"timestamp":"2022-08-25 15:39:00"}
{"level":"info","message":"DELETE /111 200 3ms","meta":{},"timestamp":"2022-08-25 15:39:24"}
{"level":"info","message":"GET /111 200 1ms","meta":{},"timestamp":"2022-08-25 15:39:30"}
{"level":"info","message":"GET /111 200 2ms","meta":{},"timestamp":"2022-08-25 15:39:30"}
{"level":"info","message":"POST /111 200 22ms","meta":{},"timestamp":"2022-08-25 15:39:36"}
{"level":"info","message":"GET /111 200 1ms","meta":{},"timestamp":"2022-08-25 15:39:38"}
{"level":"info","message":"GET /111 200 2ms","meta":{},"timestamp":"2022-08-25 15:39:38"}
{"level":"info","message":"GET /111 200 1ms","meta":{},"timestamp":"2022-08-25 15:39:47"}
{"level":"info","message":"GET /111 200 2ms","meta":{},"timestamp":"2022-08-25 15:39:47"}
{"level":"info","message":"POST /page/password 200 60ms","meta":{},"timestamp":"2022-08-25 15:39:57"}
{"level":"info","message":"GET /111 200 88ms","meta":{},"timestamp":"2022-08-25 15:41:16"}
{"level":"info","message":"GET /111 200 84ms","meta":{},"timestamp":"2022-08-25 15:41:16"}
{"level":"info","message":"DELETE /111 200 103ms","meta":{},"timestamp":"2022-08-25 15:41:22"}
{"level":"info","message":"GET /1234 200 1ms","meta":{},"timestamp":"2022-08-25 15:45:30"}
{"level":"info","message":"GET /1234 200 1ms","meta":{},"timestamp":"2022-08-25 15:45:30"}
{"level":"info","message":"POST /page/password 200 84ms","meta":{},"timestamp":"2022-08-25 15:45:36"}
{"level":"info","message":"GET /1234 200 61ms","meta":{},"timestamp":"2022-08-25 15:46:21"}
{"level":"info","message":"GET /1234 200 62ms","meta":{},"timestamp":"2022-08-25 15:46:21"}
{"level":"info","message":"DELETE /page/password 200 83ms","meta":{},"timestamp":"2022-08-25 15:46:27"}
{"level":"info","message":"DELETE /page/password 200 87ms","meta":{},"timestamp":"2022-08-25 15:46:32"}
{"level":"info","message":"DELETE /1234 200 12ms","meta":{},"timestamp":"2022-08-25 15:46:32"}
{"level":"info","message":"GET /1233 200 2ms","meta":{},"timestamp":"2022-08-25 15:46:36"}
{"level":"info","message":"GET /1233 200 2ms","meta":{},"timestamp":"2022-08-25 15:46:36"}
{"level":"info","message":"POST /1233 200 31ms","meta":{},"timestamp":"2022-08-25 15:48:29"}
{"level":"info","message":"HEAD /1233 200 2ms","meta":{},"timestamp":"2022-08-25 15:48:38"}
{"level":"info","message":"HEAD /1234 404 2ms","meta":{},"timestamp":"2022-08-25 15:48:38"}
{"level":"info","message":"PUT /1233 200 19ms","meta":{},"timestamp":"2022-08-25 15:48:38"}
{"level":"info","message":"GET /1234 200 2ms","meta":{},"timestamp":"2022-08-25 15:48:38"}
{"level":"info","message":"GET /hua 200 3ms","meta":{},"timestamp":"2022-08-25 16:00:51"}
{"level":"info","message":"GET /hua 200 2ms","meta":{},"timestamp":"2022-08-25 16:00:52"}
{"level":"info","message":"GET /hua 200 1ms","meta":{},"timestamp":"2022-08-25 16:02:26"}
{"level":"info","message":"GET /hua 200 2ms","meta":{},"timestamp":"2022-08-25 16:02:47"}
{"level":"info","message":"GET /hua 200 2ms","meta":{},"timestamp":"2022-08-25 16:02:57"}
{"level":"info","message":"GET /hua 200 1ms","meta":{},"timestamp":"2022-08-25 16:03:04"}
{"level":"info","message":"GET /hua 200 1ms","meta":{},"timestamp":"2022-08-25 16:03:06"}
{"level":"info","message":"GET /hua 200 2ms","meta":{},"timestamp":"2022-08-25 16:03:06"}
{"level":"info","message":"GET /hua 200 2ms","meta":{},"timestamp":"2022-08-25 16:03:10"}
{"level":"info","message":"GET /hua 200 2ms","meta":{},"timestamp":"2022-08-25 16:03:12"}
{"level":"info","message":"GET /hua 200 1ms","meta":{},"timestamp":"2022-08-25 16:03:12"}
{"level":"info","message":"GET /hua 200 2ms","meta":{},"timestamp":"2022-08-25 16:03:13"}
{"level":"info","message":"GET /hua 200 1ms","meta":{},"timestamp":"2022-08-25 16:03:13"}
{"level":"info","message":"GET /hua 200 1ms","meta":{},"timestamp":"2022-08-25 16:04:00"}
{"level":"info","message":"GET /hua 200 1ms","meta":{},"timestamp":"2022-08-25 16:05:09"}
{"level":"info","message":"GET /hua 200 2ms","meta":{},"timestamp":"2022-08-25 16:05:12"}
{"level":"info","message":"GET /hua 200 1ms","meta":{},"timestamp":"2022-08-25 16:05:12"}
{"level":"info","message":"GET /hua 200 2ms","meta":{},"timestamp":"2022-08-25 16:05:25"}
{"level":"info","message":"GET /hua 200 1ms","meta":{},"timestamp":"2022-08-25 16:05:28"}
{"level":"info","message":"GET /hua 200 1ms","meta":{},"timestamp":"2022-08-25 16:05:28"}
{"level":"info","message":"GET /hua 200 1ms","meta":{},"timestamp":"2022-08-25 16:05:38"}
{"level":"info","message":"GET /hua 200 2ms","meta":{},"timestamp":"2022-08-25 16:05:40"}
{"level":"info","message":"GET /hua 200 2ms","meta":{},"timestamp":"2022-08-25 16:05:41"}
{"level":"info","message":"GET /hua 200 1ms","meta":{},"timestamp":"2022-08-25 16:06:54"}
{"level":"info","message":"GET /hua 200 1ms","meta":{},"timestamp":"2022-08-25 16:08:03"}
{"level":"info","message":"GET /hua 200 2ms","meta":{},"timestamp":"2022-08-25 16:08:03"}
{"level":"info","message":"GET /hua 200 1ms","meta":{},"timestamp":"2022-08-25 16:08:05"}
{"level":"info","message":"GET /hua 200 1ms","meta":{},"timestamp":"2022-08-25 16:08:05"}
{"level":"info","message":"GET /hua 200 2ms","meta":{},"timestamp":"2022-08-25 16:08:48"}
{"level":"info","message":"GET /hua 200 2ms","meta":{},"timestamp":"2022-08-25 16:08:52"}
{"level":"info","message":"GET /hua 200 2ms","meta":{},"timestamp":"2022-08-25 16:08:52"}
{"level":"info","message":"POST /hua 200 18ms","meta":{},"timestamp":"2022-08-25 16:09:05"}
{"level":"info","message":"GET /hua 200 2ms","meta":{},"timestamp":"2022-08-25 16:12:03"}
{"level":"info","message":"GET /hua 200 1ms","meta":{},"timestamp":"2022-08-25 16:12:03"}
{"level":"info","message":"GET /hua 200 1ms","meta":{},"timestamp":"2022-08-25 16:12:24"}
{"level":"info","message":"GET /hua 200 2ms","meta":{},"timestamp":"2022-08-25 16:12:24"}
{"level":"info","message":"GET /hua 200 2ms","meta":{},"timestamp":"2022-08-25 16:12:43"}
{"level":"info","message":"GET /hua 200 2ms","meta":{},"timestamp":"2022-08-25 16:12:50"}
{"level":"info","message":"GET /hua 200 2ms","meta":{},"timestamp":"2022-08-25 16:12:54"}
{"level":"info","message":"GET /hua 200 2ms","meta":{},"timestamp":"2022-08-25 16:12:54"}
{"level":"info","message":"PUT /hua 200 7ms","meta":{},"timestamp":"2022-08-25 16:13:08"}
{"level":"info","message":"GET /hua 200 2ms","meta":{},"timestamp":"2022-08-25 16:13:08"}
{"level":"info","message":"GET /hua 200 2ms","meta":{},"timestamp":"2022-08-25 16:13:08"}
{"level":"info","message":"GET /hua 200 2ms","meta":{},"timestamp":"2022-08-25 16:13:10"}
{"level":"info","message":"GET /hua 200 2ms","meta":{},"timestamp":"2022-08-25 16:13:10"}
{"level":"info","message":"GET /hua 200 1ms","meta":{},"timestamp":"2022-08-25 16:13:36"}
{"level":"info","message":"GET /hua 200 2ms","meta":{},"timestamp":"2022-08-25 16:13:38"}
{"level":"info","message":"GET /hua 200 2ms","meta":{},"timestamp":"2022-08-25 16:13:38"}
{"level":"info","message":"GET /hua 200 1ms","meta":{},"timestamp":"2022-08-25 16:13:41"}
{"level":"info","message":"GET /hua 200 1ms","meta":{},"timestamp":"2022-08-25 16:13:41"}
{"level":"info","message":"GET /hua 200 2ms","meta":{},"timestamp":"2022-08-25 16:15:04"}
{"level":"info","message":"GET /hua 200 2ms","meta":{},"timestamp":"2022-08-25 16:15:06"}
{"level":"info","message":"GET /hua 200 1ms","meta":{},"timestamp":"2022-08-25 16:15:06"}
{"level":"info","message":"GET /hua 200 2ms","meta":{},"timestamp":"2022-08-25 16:16:18"}
{"level":"info","message":"GET /hua 200 1ms","meta":{},"timestamp":"2022-08-25 16:16:18"}
{"level":"info","message":"GET /hua 200 2ms","meta":{},"timestamp":"2022-08-25 16:16:41"}
{"level":"info","message":"GET /hua 200 1ms","meta":{},"timestamp":"2022-08-25 16:16:45"}
{"level":"info","message":"GET /hua 200 2ms","meta":{},"timestamp":"2022-08-25 16:16:45"}
{"level":"info","message":"GET /hua 200 2ms","meta":{},"timestamp":"2022-08-25 16:16:53"}
{"level":"info","message":"GET /hua 200 1ms","meta":{},"timestamp":"2022-08-25 16:17:38"}
{"level":"info","message":"GET /hua 200 1ms","meta":{},"timestamp":"2022-08-25 16:17:38"}
{"level":"info","message":"GET /hua 200 2ms","meta":{},"timestamp":"2022-08-25 16:17:41"}
{"level":"info","message":"GET /hua 200 1ms","meta":{},"timestamp":"2022-08-25 16:17:41"}
{"level":"info","message":"GET /hua 200 2ms","meta":{},"timestamp":"2022-08-25 16:17:53"}
{"level":"info","message":"HEAD /SpCnIo 404 3ms","meta":{},"timestamp":"2022-08-25 16:19:31"}
{"level":"info","message":"GET /SpCnIo 200 2ms","meta":{},"timestamp":"2022-08-25 16:19:31"}
{"level":"info","message":"GET /SpCnIo 200 1ms","meta":{},"timestamp":"2022-08-25 16:19:31"}
{"level":"info","message":"GET /SpCnIo 200 2ms","meta":{},"timestamp":"2022-08-25 16:20:05"}
{"level":"info","message":"GET /SpCnIo 200 1ms","meta":{},"timestamp":"2022-08-25 16:20:05"}
{"level":"info","message":"GET /SpCnIo 200 2ms","meta":{},"timestamp":"2022-08-25 16:20:10"}
{"level":"info","message":"GET /SpCnIo 200 2ms","meta":{},"timestamp":"2022-08-25 16:20:10"}
{"level":"info","message":"GET /SpCnIo 200 1ms","meta":{},"timestamp":"2022-08-25 16:20:53"}
{"level":"info","message":"GET /SpCnIo 200 2ms","meta":{},"timestamp":"2022-08-25 16:21:07"}
{"level":"info","message":"GET /SpCnIo 200 1ms","meta":{},"timestamp":"2022-08-25 16:21:09"}
{"level":"info","message":"GET /SpCnIo 200 1ms","meta":{},"timestamp":"2022-08-25 16:21:09"}
{"level":"info","message":"GET /SpCnIo 200 1ms","meta":{},"timestamp":"2022-08-25 16:21:28"}
{"level":"info","message":"GET /SpCnIo 200 1ms","meta":{},"timestamp":"2022-08-25 16:21:47"}
{"level":"info","message":"GET /SpCnIo 200 2ms","meta":{},"timestamp":"2022-08-25 16:21:55"}
{"level":"info","message":"GET /SpCnIo 200 3ms","meta":{},"timestamp":"2022-08-25 16:21:57"}
{"level":"info","message":"GET /SpCnIo 200 1ms","meta":{},"timestamp":"2022-08-25 16:21:57"}
{"level":"info","message":"GET /SpCnIo 200 1ms","meta":{},"timestamp":"2022-08-25 16:22:01"}
{"level":"info","message":"GET /SpCnIo 200 2ms","meta":{},"timestamp":"2022-08-25 16:22:27"}
{"level":"info","message":"GET /SpCnIo 200 2ms","meta":{},"timestamp":"2022-08-25 16:22:32"}
{"level":"info","message":"GET /SpCnIo 200 2ms","meta":{},"timestamp":"2022-08-25 16:22:32"}
{"level":"info","message":"GET /SpCnIo 200 2ms","meta":{},"timestamp":"2022-08-25 16:23:05"}
{"level":"info","message":"GET /SpCnIo 200 2ms","meta":{},"timestamp":"2022-08-25 16:23:10"}
{"level":"info","message":"GET /SpCnIo 200 1ms","meta":{},"timestamp":"2022-08-25 16:23:10"}
{"level":"info","message":"GET /SpCnIo 200 2ms","meta":{},"timestamp":"2022-08-25 16:23:25"}
{"level":"info","message":"GET /SpCnIo 200 1ms","meta":{},"timestamp":"2022-08-25 16:23:25"}
{"level":"info","message":"GET /SpCnIo 200 1ms","meta":{},"timestamp":"2022-08-25 16:23:27"}
{"level":"info","message":"GET /SpCnIo 200 1ms","meta":{},"timestamp":"2022-08-25 16:23:27"}
{"level":"info","message":"GET /SpCnIo 200 1ms","meta":{},"timestamp":"2022-08-25 16:23:33"}
{"level":"info","message":"GET /SpCnIo 200 2ms","meta":{},"timestamp":"2022-08-25 16:23:33"}
{"level":"info","message":"GET /SpCnIo 200 1ms","meta":{},"timestamp":"2022-08-25 16:23:35"}
{"level":"info","message":"GET /SpCnIo 200 2ms","meta":{},"timestamp":"2022-08-25 16:23:36"}
{"level":"info","message":"GET /SpCnIo 200 1ms","meta":{},"timestamp":"2022-08-25 16:23:48"}
{"level":"info","message":"GET /SpCnIo 200 1ms","meta":{},"timestamp":"2022-08-25 16:23:48"}
{"level":"info","message":"GET /SpCnIo 200 1ms","meta":{},"timestamp":"2022-08-25 16:23:50"}
{"level":"info","message":"GET /SpCnIo 200 1ms","meta":{},"timestamp":"2022-08-25 16:23:50"}
{"level":"info","message":"GET /SpCnIo 200 1ms","meta":{},"timestamp":"2022-08-25 16:24:13"}
{"level":"info","message":"GET /SpCnIo 200 1ms","meta":{},"timestamp":"2022-08-25 16:24:13"}
{"level":"info","message":"GET /SpCnIo 200 2ms","meta":{},"timestamp":"2022-08-25 16:24:14"}
{"level":"info","message":"GET /SpCnIo 200 1ms","meta":{},"timestamp":"2022-08-25 16:24:14"}
{"level":"info","message":"GET /SpCnIo 200 1ms","meta":{},"timestamp":"2022-08-25 16:25:01"}
{"level":"info","message":"GET /SpCnIo 200 2ms","meta":{},"timestamp":"2022-08-25 16:27:36"}
{"level":"info","message":"GET /SpCnIo 200 1ms","meta":{},"timestamp":"2022-08-25 16:28:19"}
{"level":"info","message":"GET /SpCnIo 200 2ms","meta":{},"timestamp":"2022-08-25 16:28:22"}
{"level":"info","message":"GET /SpCnIo 200 1ms","meta":{},"timestamp":"2022-08-25 16:28:22"}
{"level":"info","message":"POST /SpCnIo 200 26ms","meta":{},"timestamp":"2022-08-25 16:28:28"}
{"level":"info","message":"GET /SpCnIo 200 2ms","meta":{},"timestamp":"2022-08-25 16:29:23"}
{"level":"info","message":"GET /SpCnIo 200 2ms","meta":{},"timestamp":"2022-08-25 16:29:23"}
{"level":"info","message":"PUT /SpCnIo 200 7ms","meta":{},"timestamp":"2022-08-25 16:29:29"}
{"level":"info","message":"GET /SpCnIo 200 2ms","meta":{},"timestamp":"2022-08-25 16:29:38"}
{"level":"info","message":"GET /SpCnIo 200 2ms","meta":{},"timestamp":"2022-08-25 16:29:38"}
{"level":"info","message":"PUT /SpCnIo 200 18ms","meta":{},"timestamp":"2022-08-25 16:29:52"}
{"level":"info","message":"GET /SpCnIo 200 1ms","meta":{},"timestamp":"2022-08-25 16:30:27"}
{"level":"info","message":"GET /SpCnIo 200 2ms","meta":{},"timestamp":"2022-08-25 16:30:30"}
{"level":"info","message":"GET /SpCnIo 200 1ms","meta":{},"timestamp":"2022-08-25 16:30:30"}
{"level":"info","message":"GET /SpCnIo 200 1ms","meta":{},"timestamp":"2022-08-25 16:30:37"}
{"level":"info","message":"GET /SpCnIo 200 1ms","meta":{},"timestamp":"2022-08-25 16:30:39"}
{"level":"info","message":"GET /SpCnIo 200 2ms","meta":{},"timestamp":"2022-08-25 16:30:39"}
{"level":"info","message":"PUT /SpCnIo 200 7ms","meta":{},"timestamp":"2022-08-25 16:30:44"}
{"level":"info","message":"GET /SpCnIo 200 4ms","meta":{},"timestamp":"2022-08-25 16:32:14"}
{"level":"info","message":"GET /SpCnIo 200 2ms","meta":{},"timestamp":"2022-08-25 16:32:27"}
{"level":"info","message":"GET /SpCnIo 200 2ms","meta":{},"timestamp":"2022-08-25 16:32:29"}
{"level":"info","message":"GET /SpCnIo 200 2ms","meta":{},"timestamp":"2022-08-25 16:32:29"}
{"level":"info","message":"GET /SpCnIo 200 3ms","meta":{},"timestamp":"2022-08-25 16:32:39"}
{"level":"info","message":"GET /SpCnIo 200 2ms","meta":{},"timestamp":"2022-08-25 16:32:39"}
{"level":"info","message":"GET /SpCnIo 200 2ms","meta":{},"timestamp":"2022-08-25 16:32:57"}
{"level":"info","message":"GET /SpCnIo 200 2ms","meta":{},"timestamp":"2022-08-25 16:32:57"}
{"level":"info","message":"GET /SpCnIo 200 1ms","meta":{},"timestamp":"2022-08-25 16:33:39"}
{"level":"info","message":"GET /SpCnIo 200 1ms","meta":{},"timestamp":"2022-08-25 16:33:41"}
{"level":"info","message":"GET /SpCnIo 200 2ms","meta":{},"timestamp":"2022-08-25 16:33:41"}
{"level":"info","message":"PUT /SpCnIo 200 9ms","meta":{},"timestamp":"2022-08-25 16:33:46"}
{"level":"info","message":"GET /SpCnIo 200 2ms","meta":{},"timestamp":"2022-08-25 16:33:51"}
{"level":"info","message":"GET /SpCnIo 200 2ms","meta":{},"timestamp":"2022-08-25 16:33:51"}
{"level":"info","message":"GET /SpCnIo 200 1ms","meta":{},"timestamp":"2022-08-25 16:34:55"}
{"level":"info","message":"GET /SpCnIo 200 1ms","meta":{},"timestamp":"2022-08-25 16:35:52"}
{"level":"info","message":"GET /SpCnIo 200 2ms","meta":{},"timestamp":"2022-08-25 16:35:54"}
{"level":"info","message":"GET /SpCnIo 200 3ms","meta":{},"timestamp":"2022-08-25 16:35:54"}
{"level":"info","message":"PUT /SpCnIo 200 4ms","meta":{},"timestamp":"2022-08-25 16:36:05"}
{"level":"info","message":"PUT /SpCnIo 200 17ms","meta":{},"timestamp":"2022-08-25 16:36:06"}
{"level":"info","message":"PUT /SpCnIo 200 18ms","meta":{},"timestamp":"2022-08-25 16:36:11"}
{"level":"info","message":"PUT /SpCnIo 200 18ms","meta":{},"timestamp":"2022-08-25 16:36:13"}
{"level":"info","message":"GET /SpCnIo 200 3ms","meta":{},"timestamp":"2022-08-25 16:36:16"}
{"level":"info","message":"GET /SpCnIo 200 1ms","meta":{},"timestamp":"2022-08-25 16:36:16"}
{"level":"info","message":"PUT /SpCnIo 200 6ms","meta":{},"timestamp":"2022-08-25 16:36:20"}
{"level":"info","message":"PUT /SpCnIo 200 4ms","meta":{},"timestamp":"2022-08-25 16:36:22"}
{"level":"info","message":"GET /SpCnIo 200 2ms","meta":{},"timestamp":"2022-08-25 16:37:23"}
{"level":"info","message":"GET /SpCnIo 200 2ms","meta":{},"timestamp":"2022-08-25 16:37:40"}
{"level":"info","message":"GET /SpCnIo 200 2ms","meta":{},"timestamp":"2022-08-25 16:37:48"}
{"level":"info","message":"GET /SpCnIo 200 2ms","meta":{},"timestamp":"2022-08-25 16:37:52"}
{"level":"info","message":"GET /SpCnIo 200 1ms","meta":{},"timestamp":"2022-08-25 16:37:52"}
{"level":"info","message":"GET /SpCnIo 200 2ms","meta":{},"timestamp":"2022-08-25 16:38:02"}
{"level":"info","message":"GET /SpCnIo 200 2ms","meta":{},"timestamp":"2022-08-25 16:38:02"}
{"level":"info","message":"GET /SpCnIo 200 2ms","meta":{},"timestamp":"2022-08-25 16:38:11"}
{"level":"info","message":"GET /SpCnIo 200 2ms","meta":{},"timestamp":"2022-08-25 16:38:11"}
{"level":"info","message":"GET /SpCnIo 200 2ms","meta":{},"timestamp":"2022-08-25 16:38:20"}
{"level":"info","message":"GET /SpCnIo 200 1ms","meta":{},"timestamp":"2022-08-25 16:38:20"}
{"level":"info","message":"GET /SpCnIo 200 2ms","meta":{},"timestamp":"2022-08-25 16:38:25"}
{"level":"info","message":"GET /SpCnIo 200 2ms","meta":{},"timestamp":"2022-08-25 16:38:25"}
{"level":"info","message":"HEAD /sIMkZh 404 2ms","meta":{},"timestamp":"2022-08-25 16:46:54"}
{"level":"info","message":"GET /sIMkZh 200 1ms","meta":{},"timestamp":"2022-08-25 16:46:54"}
{"level":"info","message":"GET /sIMkZh 200 1ms","meta":{},"timestamp":"2022-08-25 16:46:55"}
